{"/home/travis/build/npmtest/node-npmtest-store2/test.js":{"path":"/home/travis/build/npmtest/node-npmtest-store2/test.js","s":{"1":2,"2":2,"3":2,"4":2,"5":2,"6":2,"7":2,"8":1,"9":2,"10":2,"11":1,"12":1,"13":1,"14":1,"15":2,"16":2,"17":2,"18":2,"19":1,"20":1,"21":2,"22":2,"23":2,"24":1,"25":1,"26":1,"27":1,"28":1,"29":1,"30":1,"31":1,"32":1,"33":1,"34":1,"35":1,"36":1,"37":1,"38":1,"39":2,"40":2,"41":1,"42":2,"43":2,"44":1,"45":2,"46":2,"47":1,"48":2,"49":2,"50":1,"51":1,"52":1,"53":1,"54":1},"b":{"1":[2,1,1,1],"2":[1,1,1,1],"3":[1,1],"4":[1,1],"5":[1,1],"6":[1,1],"7":[1,1],"8":[1,1],"9":[1,1],"10":[1,1,1],"11":[1,1],"12":[1,1],"13":[1,1],"14":[1,1],"15":[1,1],"16":[1,1],"17":[1,1]},"f":{"1":2,"2":2,"3":2,"4":2,"5":2,"6":1,"7":1,"8":1,"9":2,"10":2,"11":2,"12":2,"13":1},"fnMap":{"1":{"name":"(anonymous_1)","line":12,"loc":{"start":{"line":12,"column":1},"end":{"line":12,"column":13}}},"2":{"name":"(anonymous_2)","line":19,"loc":{"start":{"line":19,"column":5},"end":{"line":19,"column":17}}},"3":{"name":"(anonymous_3)","line":23,"loc":{"start":{"line":23,"column":24},"end":{"line":23,"column":36}}},"4":{"name":"(anonymous_4)","line":61,"loc":{"start":{"line":61,"column":5},"end":{"line":61,"column":17}}},"5":{"name":"(anonymous_5)","line":82,"loc":{"start":{"line":82,"column":5},"end":{"line":82,"column":17}}},"6":{"name":"(anonymous_6)","line":91,"loc":{"start":{"line":91,"column":77},"end":{"line":94,"column":10}}},"7":{"name":"(anonymous_7)","line":112,"loc":{"start":{"line":112,"column":83},"end":{"line":115,"column":10}},"skip":true},"8":{"name":"(anonymous_8)","line":123,"loc":{"start":{"line":123,"column":77},"end":{"line":126,"column":10}},"skip":true},"9":{"name":"(anonymous_9)","line":139,"loc":{"start":{"line":139,"column":12},"end":{"line":139,"column":40}},"skip":true},"10":{"name":"(anonymous_10)","line":147,"loc":{"start":{"line":147,"column":77},"end":{"line":150,"column":10}},"skip":true},"11":{"name":"(anonymous_11)","line":158,"loc":{"start":{"line":158,"column":83},"end":{"line":161,"column":10}},"skip":true},"12":{"name":"(anonymous_12)","line":169,"loc":{"start":{"line":169,"column":79},"end":{"line":172,"column":10}},"skip":true},"13":{"name":"(anonymous_13)","line":180,"loc":{"start":{"line":180,"column":75},"end":{"line":183,"column":10}},"skip":true}},"statementMap":{"1":{"start":{"line":12,"column":0},"end":{"line":195,"column":5}},"2":{"start":{"line":14,"column":4},"end":{"line":14,"column":14}},"3":{"start":{"line":19,"column":4},"end":{"line":56,"column":9}},"4":{"start":{"line":21,"column":8},"end":{"line":21,"column":19}},"5":{"start":{"line":23,"column":8},"end":{"line":35,"column":13}},"6":{"start":{"line":24,"column":12},"end":{"line":34,"column":13}},"7":{"start":{"line":25,"column":16},"end":{"line":28,"column":30}},"8":{"start":{"line":30,"column":16},"end":{"line":33,"column":27}},"9":{"start":{"line":37,"column":8},"end":{"line":39,"column":21}},"10":{"start":{"line":40,"column":8},"end":{"line":53,"column":9}},"11":{"start":{"line":43,"column":12},"end":{"line":46,"column":14}},"12":{"start":{"line":47,"column":12},"end":{"line":47,"column":18}},"13":{"start":{"line":50,"column":12},"end":{"line":51,"column":33}},"14":{"start":{"line":52,"column":12},"end":{"line":52,"column":18}},"15":{"start":{"line":55,"column":8},"end":{"line":55,"column":35}},"16":{"start":{"line":61,"column":4},"end":{"line":63,"column":9}},"17":{"start":{"line":62,"column":8},"end":{"line":62,"column":15}},"18":{"start":{"line":64,"column":4},"end":{"line":77,"column":5}},"19":{"start":{"line":70,"column":8},"end":{"line":70,"column":14}},"20":{"start":{"line":76,"column":8},"end":{"line":76,"column":14}},"21":{"start":{"line":82,"column":4},"end":{"line":84,"column":9}},"22":{"start":{"line":83,"column":8},"end":{"line":83,"column":15}},"23":{"start":{"line":85,"column":4},"end":{"line":194,"column":5}},"24":{"start":{"line":91,"column":8},"end":{"line":99,"column":10}},"25":{"start":{"line":98,"column":12},"end":{"line":98,"column":35}},"26":{"start":{"line":102,"column":8},"end":{"line":104,"column":63}},"27":{"start":{"line":105,"column":8},"end":{"line":105,"column":14}},"28":{"start":{"line":112,"column":8},"end":{"line":121,"column":10},"skip":true},"29":{"start":{"line":119,"column":12},"end":{"line":119,"column":55},"skip":true},"30":{"start":{"line":120,"column":12},"end":{"line":120,"column":48},"skip":true},"31":{"start":{"line":123,"column":8},"end":{"line":136,"column":10},"skip":true},"32":{"start":{"line":130,"column":12},"end":{"line":130,"column":76},"skip":true},"33":{"start":{"line":131,"column":12},"end":{"line":131,"column":73},"skip":true},"34":{"start":{"line":132,"column":12},"end":{"line":132,"column":74},"skip":true},"35":{"start":{"line":133,"column":12},"end":{"line":133,"column":79},"skip":true},"36":{"start":{"line":134,"column":12},"end":{"line":134,"column":25},"skip":true},"37":{"start":{"line":135,"column":12},"end":{"line":135,"column":45},"skip":true},"38":{"start":{"line":138,"column":8},"end":{"line":145,"column":14},"skip":true},"39":{"start":{"line":143,"column":16},"end":{"line":143,"column":29},"skip":true},"40":{"start":{"line":144,"column":16},"end":{"line":144,"column":55},"skip":true},"41":{"start":{"line":147,"column":8},"end":{"line":156,"column":10},"skip":true},"42":{"start":{"line":154,"column":12},"end":{"line":154,"column":25},"skip":true},"43":{"start":{"line":155,"column":12},"end":{"line":155,"column":45},"skip":true},"44":{"start":{"line":158,"column":8},"end":{"line":167,"column":10},"skip":true},"45":{"start":{"line":165,"column":12},"end":{"line":165,"column":25},"skip":true},"46":{"start":{"line":166,"column":12},"end":{"line":166,"column":48},"skip":true},"47":{"start":{"line":169,"column":8},"end":{"line":178,"column":10},"skip":true},"48":{"start":{"line":176,"column":12},"end":{"line":176,"column":25},"skip":true},"49":{"start":{"line":177,"column":12},"end":{"line":177,"column":46},"skip":true},"50":{"start":{"line":180,"column":8},"end":{"line":189,"column":10},"skip":true},"51":{"start":{"line":187,"column":12},"end":{"line":187,"column":94},"skip":true},"52":{"start":{"line":188,"column":12},"end":{"line":188,"column":48},"skip":true},"53":{"start":{"line":192,"column":8},"end":{"line":192,"column":35},"skip":true},"54":{"start":{"line":193,"column":8},"end":{"line":193,"column":14},"skip":true}},"branchMap":{"1":{"line":25,"type":"binary-expr","locations":[{"start":{"line":25,"column":23},"end":{"line":25,"column":62}},{"start":{"line":26,"column":20},"end":{"line":26,"column":70}},{"start":{"line":27,"column":20},"end":{"line":27,"column":71}},{"start":{"line":28,"column":20},"end":{"line":28,"column":29}}]},"2":{"line":30,"type":"binary-expr","locations":[{"start":{"line":30,"column":23},"end":{"line":30,"column":37}},{"start":{"line":31,"column":20},"end":{"line":31,"column":61}},{"start":{"line":32,"column":20},"end":{"line":32,"column":70}},{"start":{"line":33,"column":20},"end":{"line":33,"column":26}}]},"3":{"line":37,"type":"cond-expr","locations":[{"start":{"line":38,"column":14},"end":{"line":38,"column":20}},{"start":{"line":39,"column":14},"end":{"line":39,"column":20}}]},"4":{"line":40,"type":"switch","locations":[{"start":{"line":42,"column":8},"end":{"line":47,"column":18}},{"start":{"line":49,"column":8},"end":{"line":52,"column":18}}]},"5":{"line":44,"type":"binary-expr","locations":[{"start":{"line":44,"column":16},"end":{"line":44,"column":44}},{"start":{"line":44,"column":48},"end":{"line":44,"column":66}}]},"6":{"line":50,"type":"binary-expr","locations":[{"start":{"line":50,"column":21},"end":{"line":50,"column":49}},{"start":{"line":50,"column":53},"end":{"line":50,"column":72}}]},"7":{"line":64,"type":"switch","locations":[{"start":{"line":69,"column":4},"end":{"line":70,"column":14}},{"start":{"line":75,"column":4},"end":{"line":76,"column":14}}]},"8":{"line":85,"type":"switch","locations":[{"start":{"line":90,"column":4},"end":{"line":105,"column":14}},{"start":{"line":111,"column":4},"end":{"line":193,"column":14},"skip":true}]},"9":{"line":91,"type":"binary-expr","locations":[{"start":{"line":91,"column":42},"end":{"line":91,"column":73}},{"start":{"line":91,"column":77},"end":{"line":99,"column":9}}]},"10":{"line":102,"type":"binary-expr","locations":[{"start":{"line":102,"column":18},"end":{"line":102,"column":32}},{"start":{"line":103,"column":12},"end":{"line":103,"column":53}},{"start":{"line":104,"column":12},"end":{"line":104,"column":61}}]},"11":{"line":112,"type":"binary-expr","locations":[{"start":{"line":112,"column":45},"end":{"line":112,"column":79},"skip":true},{"start":{"line":112,"column":83},"end":{"line":121,"column":9},"skip":true}]},"12":{"line":123,"type":"binary-expr","locations":[{"start":{"line":123,"column":42},"end":{"line":123,"column":73},"skip":true},{"start":{"line":123,"column":77},"end":{"line":136,"column":9},"skip":true}]},"13":{"line":138,"type":"binary-expr","locations":[{"start":{"line":138,"column":48},"end":{"line":138,"column":85},"skip":true},{"start":{"line":139,"column":12},"end":{"line":145,"column":13},"skip":true}]},"14":{"line":147,"type":"binary-expr","locations":[{"start":{"line":147,"column":42},"end":{"line":147,"column":73},"skip":true},{"start":{"line":147,"column":77},"end":{"line":156,"column":9},"skip":true}]},"15":{"line":158,"type":"binary-expr","locations":[{"start":{"line":158,"column":45},"end":{"line":158,"column":79},"skip":true},{"start":{"line":158,"column":83},"end":{"line":167,"column":9},"skip":true}]},"16":{"line":169,"type":"binary-expr","locations":[{"start":{"line":169,"column":43},"end":{"line":169,"column":75},"skip":true},{"start":{"line":169,"column":79},"end":{"line":178,"column":9},"skip":true}]},"17":{"line":180,"type":"binary-expr","locations":[{"start":{"line":180,"column":41},"end":{"line":180,"column":71},"skip":true},{"start":{"line":180,"column":75},"end":{"line":189,"column":9},"skip":true}]}},"code":["/* istanbul instrument in package npmtest_store2 */","/*jslint","    bitwise: true,","    browser: true,","    maxerr: 8,","    maxlen: 96,","    node: true,","    nomen: true,","    regexp: true,","    stupid: true","*/","(function () {","    'use strict';","    var local;","","","","    // run shared js-env code - init-before","    (function () {","        // init local","        local = {};","        // init modeJs","        local.modeJs = (function () {","            try {","                return typeof navigator.userAgent === 'string' &&","                    typeof document.querySelector('body') === 'object' &&","                    typeof XMLHttpRequest.prototype.open === 'function' &&","                    'browser';","            } catch (errorCaughtBrowser) {","                return module.exports &&","                    typeof process.versions.node === 'string' &&","                    typeof require('http').createServer === 'function' &&","                    'node';","            }","        }());","        // init global","        local.global = local.modeJs === 'browser'","            ? window","            : global;","        switch (local.modeJs) {","        // re-init local from window.local","        case 'browser':","            local = local.global.utility2.objectSetDefault(","                local.global.utility2_rollup || local.global.local,","                local.global.utility2","            );","            break;","        // re-init local from example.js","        case 'node':","            local = (local.global.utility2_rollup || require('utility2'))","                .requireReadme();","            break;","        }","        // export local","        local.global.local = local;","    }());","","","","    // run shared js-env code - function","    (function () {","        return;","    }());","    switch (local.modeJs) {","","","","    // run browser js-env code - function","    case 'browser':","        break;","","","","    // run node js-env code - function","    case 'node':","        break;","    }","","","","    // run shared js-env code - init-after","    (function () {","        return;","    }());","    switch (local.modeJs) {","","","","    // run browser js-env code - init-after","    case 'browser':","        local.testCase_browser_nullCase = local.testCase_browser_nullCase || function (","            options,","            onError","        ) {","        /*","         * this function will test browsers's null-case handling-behavior-behavior","         */","            onError(null, options);","        };","","        // run tests","        local.nop(local.modeTest &&","            document.querySelector('#testRunButton1') &&","            document.querySelector('#testRunButton1').click());","        break;","","","","    // run node js-env code - init-after","    /* istanbul ignore next */","    case 'node':","        local.testCase_buildApidoc_default = local.testCase_buildApidoc_default || function (","            options,","            onError","        ) {","        /*","         * this function will test buildApidoc's default handling-behavior-behavior","         */","            options = { modulePathList: module.paths };","            local.buildApidoc(options, onError);","        };","","        local.testCase_buildApp_default = local.testCase_buildApp_default || function (","            options,","            onError","        ) {","        /*","         * this function will test buildApp's default handling-behavior-behavior","         */","            local.testCase_buildReadme_default(options, local.onErrorThrow);","            local.testCase_buildLib_default(options, local.onErrorThrow);","            local.testCase_buildTest_default(options, local.onErrorThrow);","            local.testCase_buildCustomOrg_default(options, local.onErrorThrow);","            options = [];","            local.buildApp(options, onError);","        };","","        local.testCase_buildCustomOrg_default = local.testCase_buildCustomOrg_default ||","            function (options, onError) {","            /*","             * this function will test buildCustomOrg's default handling-behavior","             */","                options = {};","                local.buildCustomOrg(options, onError);","            };","","        local.testCase_buildLib_default = local.testCase_buildLib_default || function (","            options,","            onError","        ) {","        /*","         * this function will test buildLib's default handling-behavior","         */","            options = {};","            local.buildLib(options, onError);","        };","","        local.testCase_buildReadme_default = local.testCase_buildReadme_default || function (","            options,","            onError","        ) {","        /*","         * this function will test buildReadme's default handling-behavior-behavior","         */","            options = {};","            local.buildReadme(options, onError);","        };","","        local.testCase_buildTest_default = local.testCase_buildTest_default || function (","            options,","            onError","        ) {","        /*","         * this function will test buildTest's default handling-behavior","         */","            options = {};","            local.buildTest(options, onError);","        };","","        local.testCase_webpage_default = local.testCase_webpage_default || function (","            options,","            onError","        ) {","        /*","         * this function will test webpage's default handling-behavior","         */","            options = { modeCoverageMerge: true, url: local.serverLocalHost + '?modeTest=1' };","            local.browserTest(options, onError);","        };","","        // run test-server","        local.testRunServer(local);","        break;","    }","}());",""],"l":{"12":2,"14":2,"19":2,"21":2,"23":2,"24":2,"25":2,"30":1,"37":2,"40":2,"43":1,"47":1,"50":1,"52":1,"55":2,"61":2,"62":2,"64":2,"70":1,"76":1,"82":2,"83":2,"85":2,"91":1,"98":1,"102":1,"105":1,"112":1,"119":1,"120":1,"123":1,"130":1,"131":1,"132":1,"133":1,"134":1,"135":1,"138":1,"143":2,"144":2,"147":1,"154":2,"155":2,"158":1,"165":2,"166":2,"169":1,"176":2,"177":2,"180":1,"187":1,"188":1,"192":1,"193":1}},"/home/travis/build/npmtest/node-npmtest-store2/lib.npmtest_store2.js":{"path":"/home/travis/build/npmtest/node-npmtest-store2/lib.npmtest_store2.js","s":{"1":2,"2":2,"3":2,"4":2,"5":2,"6":2,"7":2,"8":1,"9":2,"10":2,"11":2,"12":2,"13":1,"14":1,"15":1,"16":1},"b":{"1":[2,1,1,1],"2":[1,1,1,1],"3":[1,1],"4":[2,2],"5":[1,1]},"f":{"1":2,"2":2,"3":2},"fnMap":{"1":{"name":"(anonymous_1)","line":12,"loc":{"start":{"line":12,"column":1},"end":{"line":12,"column":13}}},"2":{"name":"(anonymous_2)","line":19,"loc":{"start":{"line":19,"column":5},"end":{"line":19,"column":17}}},"3":{"name":"(anonymous_3)","line":23,"loc":{"start":{"line":23,"column":24},"end":{"line":23,"column":36}}}},"statementMap":{"1":{"start":{"line":12,"column":0},"end":{"line":53,"column":5}},"2":{"start":{"line":14,"column":4},"end":{"line":14,"column":14}},"3":{"start":{"line":19,"column":4},"end":{"line":52,"column":9}},"4":{"start":{"line":21,"column":8},"end":{"line":21,"column":19}},"5":{"start":{"line":23,"column":8},"end":{"line":35,"column":13}},"6":{"start":{"line":24,"column":12},"end":{"line":34,"column":13}},"7":{"start":{"line":25,"column":16},"end":{"line":28,"column":30}},"8":{"start":{"line":30,"column":16},"end":{"line":33,"column":27}},"9":{"start":{"line":37,"column":8},"end":{"line":39,"column":21}},"10":{"start":{"line":41,"column":8},"end":{"line":41,"column":54}},"11":{"start":{"line":43,"column":8},"end":{"line":43,"column":51}},"12":{"start":{"line":45,"column":8},"end":{"line":51,"column":9}},"13":{"start":{"line":46,"column":12},"end":{"line":46,"column":57}},"14":{"start":{"line":48,"column":12},"end":{"line":48,"column":35}},"15":{"start":{"line":49,"column":12},"end":{"line":49,"column":49}},"16":{"start":{"line":50,"column":12},"end":{"line":50,"column":43}}},"branchMap":{"1":{"line":25,"type":"binary-expr","locations":[{"start":{"line":25,"column":23},"end":{"line":25,"column":62}},{"start":{"line":26,"column":20},"end":{"line":26,"column":70}},{"start":{"line":27,"column":20},"end":{"line":27,"column":71}},{"start":{"line":28,"column":20},"end":{"line":28,"column":29}}]},"2":{"line":30,"type":"binary-expr","locations":[{"start":{"line":30,"column":23},"end":{"line":30,"column":37}},{"start":{"line":31,"column":20},"end":{"line":31,"column":61}},{"start":{"line":32,"column":20},"end":{"line":32,"column":70}},{"start":{"line":33,"column":20},"end":{"line":33,"column":26}}]},"3":{"line":37,"type":"cond-expr","locations":[{"start":{"line":38,"column":14},"end":{"line":38,"column":20}},{"start":{"line":39,"column":14},"end":{"line":39,"column":20}}]},"4":{"line":41,"type":"binary-expr","locations":[{"start":{"line":41,"column":16},"end":{"line":41,"column":44}},{"start":{"line":41,"column":48},"end":{"line":41,"column":53}}]},"5":{"line":45,"type":"if","locations":[{"start":{"line":45,"column":8},"end":{"line":45,"column":8}},{"start":{"line":45,"column":8},"end":{"line":45,"column":8}}]}},"code":["/* istanbul instrument in package npmtest_store2 */","/*jslint","    bitwise: true,","    browser: true,","    maxerr: 8,","    maxlen: 96,","    node: true,","    nomen: true,","    regexp: true,","    stupid: true","*/","(function () {","    'use strict';","    var local;","","","","    // run shared js-env code - init-before","    (function () {","        // init local","        local = {};","        // init modeJs","        local.modeJs = (function () {","            try {","                return typeof navigator.userAgent === 'string' &&","                    typeof document.querySelector('body') === 'object' &&","                    typeof XMLHttpRequest.prototype.open === 'function' &&","                    'browser';","            } catch (errorCaughtBrowser) {","                return module.exports &&","                    typeof process.versions.node === 'string' &&","                    typeof require('http').createServer === 'function' &&","                    'node';","            }","        }());","        // init global","        local.global = local.modeJs === 'browser'","            ? window","            : global;","        // init utility2_rollup","        local = local.global.utility2_rollup || local;","        // init lib","        local.local = local.npmtest_store2 = local;","        // init exports","        if (local.modeJs === 'browser') {","            local.global.utility2_npmtest_store2 = local;","        } else {","            module.exports = local;","            module.exports.__dirname = __dirname;","            module.exports.module = module;","        }","    }());","}());",""],"l":{"12":2,"14":2,"19":2,"21":2,"23":2,"24":2,"25":2,"30":1,"37":2,"41":2,"43":2,"45":2,"46":1,"48":1,"49":1,"50":1}},"/home/travis/build/npmtest/node-npmtest-store2/example.js":{"path":"/home/travis/build/npmtest/node-npmtest-store2/example.js","s":{"1":2,"2":2,"3":2,"4":2,"5":2,"6":2,"7":2,"8":1,"9":2,"10":2,"11":2,"12":2,"13":1,"14":2,"15":2,"16":2,"17":2,"18":2,"19":0,"20":2,"21":1,"22":1,"23":1,"24":1,"25":1,"26":0,"27":0,"28":1,"29":1,"30":2,"31":0,"32":0,"33":0,"34":1,"35":2,"36":2,"37":3,"38":3,"39":3,"40":3,"41":0,"42":3,"43":3,"44":3,"45":1,"46":3,"47":1,"48":1,"49":1,"50":1,"51":1,"52":1,"53":1,"54":1,"55":1,"56":1,"57":0,"58":1,"59":6,"60":6,"61":1,"62":2,"63":0,"64":2,"65":1,"66":1,"67":0,"68":0,"69":0,"70":0,"71":0,"72":0,"73":0,"74":0,"75":0,"76":0,"77":0,"78":0,"79":0,"80":0,"81":0,"82":0,"83":0},"b":{"1":[2,1,1,1],"2":[1,1,1,1],"3":[1,1],"4":[2,2],"5":[1,1],"6":[1,1],"7":[2,0],"8":[2,1,1,1,1,1],"9":[0,2,0],"10":[1,1],"11":[2,1,1],"12":[1,0],"13":[0,2],"14":[2,0,0,0,0,0,0],"15":[0,3],"16":[3,0],"17":[1,1],"18":[0,1],"19":[1,2,0,2],"20":[1,0],"21":[1,1],"22":[0,0],"23":[0,0],"24":[0,0],"25":[0,0],"26":[0,0],"27":[0,0],"28":[0,0]},"f":{"1":2,"2":2,"3":2,"4":2,"5":2,"6":2,"7":3,"8":3,"9":3,"10":1,"11":6,"12":0},"fnMap":{"1":{"name":"(anonymous_1)","line":26,"loc":{"start":{"line":26,"column":1},"end":{"line":26,"column":13}}},"2":{"name":"(anonymous_2)","line":33,"loc":{"start":{"line":33,"column":5},"end":{"line":33,"column":17}}},"3":{"name":"(anonymous_3)","line":37,"loc":{"start":{"line":37,"column":24},"end":{"line":37,"column":36}}},"4":{"name":"(anonymous_4)","line":69,"loc":{"start":{"line":69,"column":31},"end":{"line":69,"column":48}},"skip":true},"5":{"name":"(anonymous_5)","line":78,"loc":{"start":{"line":78,"column":26},"end":{"line":78,"column":45}},"skip":true},"6":{"name":"(anonymous_6)","line":123,"loc":{"start":{"line":123,"column":33},"end":{"line":123,"column":48}},"skip":true},"7":{"name":"(anonymous_7)","line":125,"loc":{"start":{"line":125,"column":27},"end":{"line":125,"column":39}},"skip":true},"8":{"name":"(anonymous_8)","line":133,"loc":{"start":{"line":133,"column":59},"end":{"line":133,"column":74}},"skip":true},"9":{"name":"(anonymous_9)","line":143,"loc":{"start":{"line":143,"column":45},"end":{"line":143,"column":62}},"skip":true},"10":{"name":"(anonymous_10)","line":144,"loc":{"start":{"line":144,"column":73},"end":{"line":144,"column":92}},"skip":true},"11":{"name":"(anonymous_11)","line":272,"loc":{"start":{"line":272,"column":51},"end":{"line":272,"column":77}},"skip":true},"12":{"name":"(anonymous_12)","line":315,"loc":{"start":{"line":315,"column":32},"end":{"line":315,"column":61}},"skip":true}},"statementMap":{"1":{"start":{"line":26,"column":0},"end":{"line":326,"column":5}},"2":{"start":{"line":28,"column":4},"end":{"line":28,"column":14}},"3":{"start":{"line":33,"column":4},"end":{"line":60,"column":9}},"4":{"start":{"line":35,"column":8},"end":{"line":35,"column":19}},"5":{"start":{"line":37,"column":8},"end":{"line":49,"column":13}},"6":{"start":{"line":38,"column":12},"end":{"line":48,"column":13}},"7":{"start":{"line":39,"column":16},"end":{"line":42,"column":30}},"8":{"start":{"line":44,"column":16},"end":{"line":47,"column":27}},"9":{"start":{"line":51,"column":8},"end":{"line":53,"column":21}},"10":{"start":{"line":55,"column":8},"end":{"line":57,"column":45}},"11":{"start":{"line":59,"column":8},"end":{"line":59,"column":35}},"12":{"start":{"line":61,"column":4},"end":{"line":325,"column":5}},"13":{"start":{"line":69,"column":8},"end":{"line":121,"column":10},"skip":true},"14":{"start":{"line":70,"column":12},"end":{"line":88,"column":13},"skip":true},"15":{"start":{"line":76,"column":16},"end":{"line":87,"column":19},"skip":true},"16":{"start":{"line":79,"column":20},"end":{"line":86,"column":21},"skip":true},"17":{"start":{"line":82,"column":24},"end":{"line":82,"column":43},"skip":true},"18":{"start":{"line":83,"column":24},"end":{"line":83,"column":30},"skip":true},"19":{"start":{"line":85,"column":24},"end":{"line":85,"column":49},"skip":true},"20":{"start":{"line":89,"column":12},"end":{"line":107,"column":13},"skip":true},"21":{"start":{"line":92,"column":16},"end":{"line":102,"column":17},"skip":true},"22":{"start":{"line":93,"column":20},"end":{"line":93,"column":86},"skip":true},"23":{"start":{"line":94,"column":20},"end":{"line":95,"column":45},"skip":true},"24":{"start":{"line":96,"column":20},"end":{"line":96,"column":42},"skip":true},"25":{"start":{"line":97,"column":20},"end":{"line":97,"column":48},"skip":true},"26":{"start":{"line":100,"column":20},"end":{"line":100,"column":85},"skip":true},"27":{"start":{"line":101,"column":20},"end":{"line":101,"column":96},"skip":true},"28":{"start":{"line":103,"column":16},"end":{"line":103,"column":22},"skip":true},"29":{"start":{"line":106,"column":16},"end":{"line":106,"column":22},"skip":true},"30":{"start":{"line":108,"column":12},"end":{"line":120,"column":13},"skip":true},"31":{"start":{"line":114,"column":16},"end":{"line":119,"column":17},"skip":true},"32":{"start":{"line":116,"column":20},"end":{"line":116,"column":78},"skip":true},"33":{"start":{"line":118,"column":20},"end":{"line":118,"column":47},"skip":true},"34":{"start":{"line":123,"column":8},"end":{"line":141,"column":11},"skip":true},"35":{"start":{"line":124,"column":12},"end":{"line":124,"column":54},"skip":true},"36":{"start":{"line":125,"column":12},"end":{"line":140,"column":14},"skip":true},"37":{"start":{"line":126,"column":16},"end":{"line":126,"column":28},"skip":true},"38":{"start":{"line":127,"column":16},"end":{"line":127,"column":69},"skip":true},"39":{"start":{"line":128,"column":16},"end":{"line":128,"column":75},"skip":true},"40":{"start":{"line":129,"column":16},"end":{"line":131,"column":17},"skip":true},"41":{"start":{"line":130,"column":20},"end":{"line":130,"column":27},"skip":true},"42":{"start":{"line":133,"column":16},"end":{"line":137,"column":36},"skip":true},"43":{"start":{"line":134,"column":20},"end":{"line":136,"column":55},"skip":true},"44":{"start":{"line":139,"column":16},"end":{"line":139,"column":57},"skip":true},"45":{"start":{"line":143,"column":8},"end":{"line":147,"column":11},"skip":true},"46":{"start":{"line":144,"column":12},"end":{"line":146,"column":15},"skip":true},"47":{"start":{"line":145,"column":16},"end":{"line":145,"column":70},"skip":true},"48":{"start":{"line":149,"column":8},"end":{"line":149,"column":31},"skip":true},"49":{"start":{"line":150,"column":8},"end":{"line":150,"column":14},"skip":true},"50":{"start":{"line":158,"column":8},"end":{"line":158,"column":31},"skip":true},"51":{"start":{"line":160,"column":8},"end":{"line":160,"column":33},"skip":true},"52":{"start":{"line":161,"column":8},"end":{"line":161,"column":37},"skip":true},"53":{"start":{"line":162,"column":8},"end":{"line":162,"column":35},"skip":true},"54":{"start":{"line":164,"column":8},"end":{"line":164,"column":50},"skip":true},"55":{"start":{"line":166,"column":8},"end":{"line":256,"column":2},"skip":true},"56":{"start":{"line":258,"column":8},"end":{"line":286,"column":9},"skip":true},"57":{"start":{"line":259,"column":12},"end":{"line":269,"column":14},"skip":true},"58":{"start":{"line":271,"column":12},"end":{"line":285,"column":19},"skip":true},"59":{"start":{"line":274,"column":20},"end":{"line":274,"column":35},"skip":true},"60":{"start":{"line":275,"column":20},"end":{"line":284,"column":21},"skip":true},"61":{"start":{"line":277,"column":24},"end":{"line":277,"column":64},"skip":true},"62":{"start":{"line":279,"column":24},"end":{"line":279,"column":40},"skip":true},"63":{"start":{"line":281,"column":24},"end":{"line":281,"column":40},"skip":true},"64":{"start":{"line":283,"column":24},"end":{"line":283,"column":39},"skip":true},"65":{"start":{"line":288,"column":8},"end":{"line":290,"column":9},"skip":true},"66":{"start":{"line":289,"column":12},"end":{"line":289,"column":18},"skip":true},"67":{"start":{"line":291,"column":8},"end":{"line":293,"column":54},"skip":true},"68":{"start":{"line":296,"column":8},"end":{"line":301,"column":37},"skip":true},"69":{"start":{"line":303,"column":8},"end":{"line":303,"column":82},"skip":true},"70":{"start":{"line":306,"column":8},"end":{"line":308,"column":9},"skip":true},"71":{"start":{"line":307,"column":12},"end":{"line":307,"column":82},"skip":true},"72":{"start":{"line":310,"column":8},"end":{"line":312,"column":9},"skip":true},"73":{"start":{"line":311,"column":12},"end":{"line":311,"column":18},"skip":true},"74":{"start":{"line":313,"column":8},"end":{"line":313,"column":54},"skip":true},"75":{"start":{"line":314,"column":8},"end":{"line":314,"column":69},"skip":true},"76":{"start":{"line":315,"column":8},"end":{"line":323,"column":36},"skip":true},"77":{"start":{"line":316,"column":12},"end":{"line":316,"column":61},"skip":true},"78":{"start":{"line":317,"column":12},"end":{"line":320,"column":13},"skip":true},"79":{"start":{"line":318,"column":16},"end":{"line":318,"column":75},"skip":true},"80":{"start":{"line":319,"column":16},"end":{"line":319,"column":23},"skip":true},"81":{"start":{"line":321,"column":12},"end":{"line":321,"column":38},"skip":true},"82":{"start":{"line":322,"column":12},"end":{"line":322,"column":27},"skip":true},"83":{"start":{"line":324,"column":8},"end":{"line":324,"column":14},"skip":true}},"branchMap":{"1":{"line":39,"type":"binary-expr","locations":[{"start":{"line":39,"column":23},"end":{"line":39,"column":62}},{"start":{"line":40,"column":20},"end":{"line":40,"column":70}},{"start":{"line":41,"column":20},"end":{"line":41,"column":71}},{"start":{"line":42,"column":20},"end":{"line":42,"column":29}}]},"2":{"line":44,"type":"binary-expr","locations":[{"start":{"line":44,"column":23},"end":{"line":44,"column":37}},{"start":{"line":45,"column":20},"end":{"line":45,"column":61}},{"start":{"line":46,"column":20},"end":{"line":46,"column":70}},{"start":{"line":47,"column":20},"end":{"line":47,"column":26}}]},"3":{"line":51,"type":"cond-expr","locations":[{"start":{"line":52,"column":14},"end":{"line":52,"column":20}},{"start":{"line":53,"column":14},"end":{"line":53,"column":20}}]},"4":{"line":55,"type":"binary-expr","locations":[{"start":{"line":55,"column":16},"end":{"line":55,"column":44}},{"start":{"line":55,"column":49},"end":{"line":57,"column":43}}]},"5":{"line":55,"type":"cond-expr","locations":[{"start":{"line":56,"column":14},"end":{"line":56,"column":50}},{"start":{"line":57,"column":14},"end":{"line":57,"column":43}}]},"6":{"line":61,"type":"switch","locations":[{"start":{"line":68,"column":4},"end":{"line":150,"column":14},"skip":true},{"start":{"line":156,"column":4},"end":{"line":324,"column":14},"skip":true}]},"7":{"line":70,"type":"if","locations":[{"start":{"line":70,"column":12},"end":{"line":70,"column":12},"skip":true},{"start":{"line":70,"column":12},"end":{"line":70,"column":12},"skip":true}]},"8":{"line":70,"type":"binary-expr","locations":[{"start":{"line":70,"column":16},"end":{"line":70,"column":22},"skip":true},{"start":{"line":70,"column":27},"end":{"line":70,"column":32},"skip":true},{"start":{"line":71,"column":20},"end":{"line":71,"column":39},"skip":true},{"start":{"line":72,"column":20},"end":{"line":72,"column":49},"skip":true},{"start":{"line":73,"column":20},"end":{"line":73,"column":58},"skip":true},{"start":{"line":74,"column":20},"end":{"line":74,"column":69},"skip":true}]},"9":{"line":79,"type":"switch","locations":[{"start":{"line":80,"column":20},"end":{"line":80,"column":33},"skip":true},{"start":{"line":81,"column":20},"end":{"line":83,"column":30},"skip":true},{"start":{"line":84,"column":20},"end":{"line":85,"column":49},"skip":true}]},"10":{"line":89,"type":"switch","locations":[{"start":{"line":90,"column":12},"end":{"line":103,"column":22},"skip":true},{"start":{"line":105,"column":12},"end":{"line":106,"column":22},"skip":true}]},"11":{"line":89,"type":"binary-expr","locations":[{"start":{"line":89,"column":20},"end":{"line":89,"column":25},"skip":true},{"start":{"line":89,"column":29},"end":{"line":89,"column":48},"skip":true},{"start":{"line":89,"column":52},"end":{"line":89,"column":74},"skip":true}]},"12":{"line":92,"type":"if","locations":[{"start":{"line":92,"column":16},"end":{"line":92,"column":16},"skip":true},{"start":{"line":92,"column":16},"end":{"line":92,"column":16},"skip":true}]},"13":{"line":108,"type":"if","locations":[{"start":{"line":108,"column":12},"end":{"line":108,"column":12},"skip":true},{"start":{"line":108,"column":12},"end":{"line":108,"column":12},"skip":true}]},"14":{"line":108,"type":"binary-expr","locations":[{"start":{"line":108,"column":16},"end":{"line":108,"column":61},"skip":true},{"start":{"line":108,"column":66},"end":{"line":108,"column":72},"skip":true},{"start":{"line":108,"column":77},"end":{"line":108,"column":82},"skip":true},{"start":{"line":109,"column":20},"end":{"line":109,"column":39},"skip":true},{"start":{"line":110,"column":20},"end":{"line":110,"column":49},"skip":true},{"start":{"line":111,"column":20},"end":{"line":111,"column":58},"skip":true},{"start":{"line":112,"column":20},"end":{"line":112,"column":68},"skip":true}]},"15":{"line":129,"type":"if","locations":[{"start":{"line":129,"column":16},"end":{"line":129,"column":16},"skip":true},{"start":{"line":129,"column":16},"end":{"line":129,"column":16},"skip":true}]},"16":{"line":134,"type":"cond-expr","locations":[{"start":{"line":135,"column":26},"end":{"line":135,"column":29},"skip":true},{"start":{"line":136,"column":26},"end":{"line":136,"column":54},"skip":true}]},"17":{"line":164,"type":"binary-expr","locations":[{"start":{"line":164,"column":27},"end":{"line":164,"column":43},"skip":true},{"start":{"line":164,"column":47},"end":{"line":164,"column":49},"skip":true}]},"18":{"line":258,"type":"if","locations":[{"start":{"line":258,"column":8},"end":{"line":258,"column":8},"skip":true},{"start":{"line":258,"column":8},"end":{"line":258,"column":8},"skip":true}]},"19":{"line":275,"type":"switch","locations":[{"start":{"line":276,"column":20},"end":{"line":277,"column":64},"skip":true},{"start":{"line":278,"column":20},"end":{"line":279,"column":40},"skip":true},{"start":{"line":280,"column":20},"end":{"line":281,"column":40},"skip":true},{"start":{"line":282,"column":20},"end":{"line":283,"column":39},"skip":true}]},"20":{"line":288,"type":"if","locations":[{"start":{"line":288,"column":8},"end":{"line":288,"column":8},"skip":true},{"start":{"line":288,"column":8},"end":{"line":288,"column":8},"skip":true}]},"21":{"line":288,"type":"binary-expr","locations":[{"start":{"line":288,"column":12},"end":{"line":288,"column":40},"skip":true},{"start":{"line":288,"column":44},"end":{"line":288,"column":67},"skip":true}]},"22":{"line":292,"type":"binary-expr","locations":[{"start":{"line":292,"column":12},"end":{"line":292,"column":50},"skip":true},{"start":{"line":293,"column":12},"end":{"line":293,"column":53},"skip":true}]},"23":{"line":297,"type":"binary-expr","locations":[{"start":{"line":297,"column":12},"end":{"line":297,"column":64},"skip":true},{"start":{"line":298,"column":12},"end":{"line":301,"column":36},"skip":true}]},"24":{"line":303,"type":"binary-expr","locations":[{"start":{"line":303,"column":43},"end":{"line":303,"column":75},"skip":true},{"start":{"line":303,"column":79},"end":{"line":303,"column":81},"skip":true}]},"25":{"line":306,"type":"if","locations":[{"start":{"line":306,"column":8},"end":{"line":306,"column":8},"skip":true},{"start":{"line":306,"column":8},"end":{"line":306,"column":8},"skip":true}]},"26":{"line":310,"type":"if","locations":[{"start":{"line":310,"column":8},"end":{"line":310,"column":8},"skip":true},{"start":{"line":310,"column":8},"end":{"line":310,"column":8},"skip":true}]},"27":{"line":313,"type":"binary-expr","locations":[{"start":{"line":313,"column":27},"end":{"line":313,"column":43},"skip":true},{"start":{"line":313,"column":47},"end":{"line":313,"column":53},"skip":true}]},"28":{"line":317,"type":"if","locations":[{"start":{"line":317,"column":12},"end":{"line":317,"column":12},"skip":true},{"start":{"line":317,"column":12},"end":{"line":317,"column":12},"skip":true}]}},"code":["/*","example.js","","quickstart example","","instruction","    1. save this script as example.js","    2. run the shell command:","        $ npm install npmtest-store2 && PORT=8081 node example.js","    3. play with the browser-demo on http://127.0.0.1:8081","*/","","","","/* istanbul instrument in package npmtest_store2 */","/*jslint","    bitwise: true,","    browser: true,","    maxerr: 8,","    maxlen: 96,","    node: true,","    nomen: true,","    regexp: true,","    stupid: true","*/","(function () {","    'use strict';","    var local;","","","","    // run shared js-env code - init-before","    (function () {","        // init local","        local = {};","        // init modeJs","        local.modeJs = (function () {","            try {","                return typeof navigator.userAgent === 'string' &&","                    typeof document.querySelector('body') === 'object' &&","                    typeof XMLHttpRequest.prototype.open === 'function' &&","                    'browser';","            } catch (errorCaughtBrowser) {","                return module.exports &&","                    typeof process.versions.node === 'string' &&","                    typeof require('http').createServer === 'function' &&","                    'node';","            }","        }());","        // init global","        local.global = local.modeJs === 'browser'","            ? window","            : global;","        // init utility2_rollup","        local = local.global.utility2_rollup || (local.modeJs === 'browser'","            ? local.global.utility2_npmtest_store2","            : global.utility2_moduleExports);","        // export local","        local.global.local = local;","    }());","    switch (local.modeJs) {","","","","    // init-after","    // run browser js-env code - init-after","    /* istanbul ignore next */","    case 'browser':","        local.testRunBrowser = function (event) {","            if (!event || (event &&","                    event.currentTarget &&","                    event.currentTarget.className &&","                    event.currentTarget.className.includes &&","                    event.currentTarget.className.includes('onreset'))) {","                // reset output","                Array.from(","                    document.querySelectorAll('body > .resettable')","                ).forEach(function (element) {","                    switch (element.tagName) {","                    case 'INPUT':","                    case 'TEXTAREA':","                        element.value = '';","                        break;","                    default:","                        element.textContent = '';","                    }","                });","            }","            switch (event && event.currentTarget && event.currentTarget.id) {","            case 'testRunButton1':","                // show tests","                if (document.querySelector('#testReportDiv1').style.display === 'none') {","                    document.querySelector('#testReportDiv1').style.display = 'block';","                    document.querySelector('#testRunButton1').textContent =","                        'hide internal test';","                    local.modeTest = true;","                    local.testRunDefault(local);","                // hide tests","                } else {","                    document.querySelector('#testReportDiv1').style.display = 'none';","                    document.querySelector('#testRunButton1').textContent = 'run internal test';","                }","                break;","            // custom-case","            default:","                break;","            }","            if (document.querySelector('#inputTextareaEval1') && (!event || (event &&","                    event.currentTarget &&","                    event.currentTarget.className &&","                    event.currentTarget.className.includes &&","                    event.currentTarget.className.includes('oneval')))) {","                // try to eval input-code","                try {","                    /*jslint evil: true*/","                    eval(document.querySelector('#inputTextareaEval1').value);","                } catch (errorCaught) {","                    console.error(errorCaught);","                }","            }","        };","        // log stderr and stdout to #outputTextareaStdout1","        ['error', 'log'].forEach(function (key) {","            console[key + '_original'] = console[key];","            console[key] = function () {","                var element;","                console[key + '_original'].apply(console, arguments);","                element = document.querySelector('#outputTextareaStdout1');","                if (!element) {","                    return;","                }","                // append text to #outputTextareaStdout1","                element.value += Array.from(arguments).map(function (arg) {","                    return typeof arg === 'string'","                        ? arg","                        : JSON.stringify(arg, null, 4);","                }).join(' ') + '\\n';","                // scroll textarea to bottom","                element.scrollTop = element.scrollHeight;","            };","        });","        // init event-handling","        ['change', 'click', 'keyup'].forEach(function (event) {","            Array.from(document.querySelectorAll('.on' + event)).forEach(function (element) {","                element.addEventListener(event, local.testRunBrowser);","            });","        });","        // run tests","        local.testRunBrowser();","        break;","","","","    // run node js-env code - init-after","    /* istanbul ignore next */","    case 'node':","        // export local","        module.exports = local;","        // require modules","        local.fs = require('fs');","        local.http = require('http');","        local.url = require('url');","        // init assets","        local.assetsDict = local.assetsDict || {};","        /* jslint-ignore-begin */","        local.assetsDict['/assets.index.template.html'] = '\\","<!doctype html>\\n\\","<html lang=\"en\">\\n\\","<head>\\n\\","<meta charset=\"UTF-8\">\\n\\","<meta name=\"viewport\" content=\"width=device-width, initial-scale=1\">\\n\\","<title>{{env.npm_package_name}} (v{{env.npm_package_version}})</title>\\n\\","<style>\\n\\","/*csslint\\n\\","    box-sizing: false,\\n\\","    universal-selector: false\\n\\","*/\\n\\","* {\\n\\","    box-sizing: border-box;\\n\\","}\\n\\","body {\\n\\","    background: #dde;\\n\\","    font-family: Arial, Helvetica, sans-serif;\\n\\","    margin: 2rem;\\n\\","}\\n\\","body > * {\\n\\","    margin-bottom: 1rem;\\n\\","}\\n\\",".utility2FooterDiv {\\n\\","    margin-top: 20px;\\n\\","    text-align: center;\\n\\","}\\n\\","</style>\\n\\","<style>\\n\\","/*csslint\\n\\","*/\\n\\","textarea {\\n\\","    font-family: monospace;\\n\\","    height: 10rem;\\n\\","    width: 100%;\\n\\","}\\n\\","textarea[readonly] {\\n\\","    background: #ddd;\\n\\","}\\n\\","</style>\\n\\","</head>\\n\\","<body>\\n\\","<!-- utility2-comment\\n\\","<div id=\"ajaxProgressDiv1\" style=\"background: #d00; height: 2px; left: 0; margin: 0; padding: 0; position: fixed; top: 0; transition: background 0.5s, width 1.5s; width: 25%;\"></div>\\n\\","utility2-comment -->\\n\\","<h1>\\n\\","<!-- utility2-comment\\n\\","    <a\\n\\","        {{#if env.npm_package_homepage}}\\n\\","        href=\"{{env.npm_package_homepage}}\"\\n\\","        {{/if env.npm_package_homepage}}\\n\\","        target=\"_blank\"\\n\\","    >\\n\\","utility2-comment -->\\n\\","        {{env.npm_package_name}} (v{{env.npm_package_version}})\\n\\","<!-- utility2-comment\\n\\","    </a>\\n\\","utility2-comment -->\\n\\","</h1>\\n\\","<h3>{{env.npm_package_description}}</h3>\\n\\","<!-- utility2-comment\\n\\","<h4><a download href=\"assets.app.js\">download standalone app</a></h4>\\n\\","<button class=\"onclick onreset\" id=\"testRunButton1\">run internal test</button><br>\\n\\","<div id=\"testReportDiv1\" style=\"display: none;\"></div>\\n\\","utility2-comment -->\\n\\","\\n\\","\\n\\","\\n\\","<label>stderr and stdout</label>\\n\\","<textarea class=\"resettable\" id=\"outputTextareaStdout1\" readonly></textarea>\\n\\","<!-- utility2-comment\\n\\","{{#if isRollup}}\\n\\","<script src=\"assets.app.js\"></script>\\n\\","{{#unless isRollup}}\\n\\","utility2-comment -->\\n\\","<script src=\"assets.utility2.rollup.js\"></script>\\n\\","<script src=\"jsonp.utility2._stateInit?callback=window.utility2._stateInit\"></script>\\n\\","<script src=\"assets.npmtest_store2.rollup.js\"></script>\\n\\","<script src=\"assets.example.js\"></script>\\n\\","<script src=\"assets.test.js\"></script>\\n\\","<!-- utility2-comment\\n\\","{{/if isRollup}}\\n\\","utility2-comment -->\\n\\","<div class=\"utility2FooterDiv\">\\n\\","    [ this app was created with\\n\\","    <a href=\"https://github.com/kaizhu256/node-utility2\" target=\"_blank\">utility2</a>\\n\\","    ]\\n\\","</div>\\n\\","</body>\\n\\","</html>\\n\\","';","        /* jslint-ignore-end */","        if (local.templateRender) {","            local.assetsDict['/'] = local.templateRender(","                local.assetsDict['/assets.index.template.html'],","                {","                    env: local.objectSetDefault(local.env, {","                        npm_package_description: 'the greatest app in the world!',","                        npm_package_name: 'my-app',","                        npm_package_nameAlias: 'my_app',","                        npm_package_version: '0.0.1'","                    })","                }","            );","        } else {","            local.assetsDict['/'] = local.assetsDict['/assets.index.template.html']","                .replace((/\\{\\{env\\.(\\w+?)\\}\\}/g), function (match0, match1) {","                    // jslint-hack","                    String(match0);","                    switch (match1) {","                    case 'npm_package_description':","                        return 'the greatest app in the world!';","                    case 'npm_package_name':","                        return 'my-app';","                    case 'npm_package_nameAlias':","                        return 'my_app';","                    case 'npm_package_version':","                        return '0.0.1';","                    }","                });","        }","        // run the cli","        if (local.global.utility2_rollup || module !== require.main) {","            break;","        }","        local.assetsDict['/assets.example.js'] =","            local.assetsDict['/assets.example.js'] ||","            local.fs.readFileSync(__filename, 'utf8');","        // bug-workaround - long $npm_package_buildCustomOrg","        /* jslint-ignore-begin */","        local.assetsDict['/assets.npmtest_store2.rollup.js'] =","            local.assetsDict['/assets.npmtest_store2.rollup.js'] ||","            local.fs.readFileSync(","                local.npmtest_store2.__dirname + '/lib.npmtest_store2.js',","                'utf8'","            ).replace((/^#!/), '//');","        /* jslint-ignore-end */","        local.assetsDict['/favicon.ico'] = local.assetsDict['/favicon.ico'] || '';","        // if $npm_config_timeout_exit exists,","        // then exit this process after $npm_config_timeout_exit ms","        if (Number(process.env.npm_config_timeout_exit)) {","            setTimeout(process.exit, Number(process.env.npm_config_timeout_exit));","        }","        // start server","        if (local.global.utility2_serverHttp1) {","            break;","        }","        process.env.PORT = process.env.PORT || '8081';","        console.error('server starting on port ' + process.env.PORT);","        local.http.createServer(function (request, response) {","            request.urlParsed = local.url.parse(request.url);","            if (local.assetsDict[request.urlParsed.pathname] !== undefined) {","                response.end(local.assetsDict[request.urlParsed.pathname]);","                return;","            }","            response.statusCode = 404;","            response.end();","        }).listen(process.env.PORT);","        break;","    }","}());",""],"l":{"26":2,"28":2,"33":2,"35":2,"37":2,"38":2,"39":2,"44":1,"51":2,"55":2,"59":2,"61":2,"69":1,"70":2,"76":2,"79":2,"82":2,"83":2,"85":1,"89":2,"92":1,"93":1,"94":1,"96":1,"97":1,"100":1,"101":1,"103":1,"106":1,"108":2,"114":1,"116":1,"118":1,"123":1,"124":2,"125":2,"126":3,"127":3,"128":3,"129":3,"130":1,"133":3,"134":3,"139":3,"143":1,"144":3,"145":1,"149":1,"150":1,"158":1,"160":1,"161":1,"162":1,"164":1,"166":1,"258":1,"259":1,"271":1,"274":6,"275":6,"277":1,"279":2,"281":1,"283":2,"288":1,"289":1,"291":1,"296":1,"303":1,"306":1,"307":1,"310":1,"311":1,"313":1,"314":1,"315":1,"316":1,"317":1,"318":1,"319":1,"321":1,"322":1,"324":1}},"/home/travis/build/npmtest/node-npmtest-store2/node_modules/store2/dist/store2.js":{"path":"/home/travis/build/npmtest/node-npmtest-store2/node_modules/store2/dist/store2.js","s":{"1":1,"2":1,"3":4,"4":52,"5":52,"6":4,"7":0,"8":0,"9":0,"10":0,"11":0,"12":0,"13":0,"14":0,"15":0,"16":0,"17":0,"18":0,"19":0,"20":2,"21":0,"22":0,"23":0,"24":0,"25":0,"26":0,"27":0,"28":0,"29":0,"30":0,"31":0,"32":2,"33":2,"34":2,"35":2,"36":0,"37":0,"38":2,"39":2,"40":2,"41":2,"42":2,"43":2,"44":2,"45":2,"46":1,"47":1,"48":1,"49":1,"50":1,"51":1,"52":0,"53":0,"54":0,"55":0,"56":0,"57":0,"58":0,"59":0,"60":0,"61":0,"62":0,"63":2,"64":0,"65":0,"66":0,"67":0,"68":0,"69":0,"70":0,"71":0,"72":0,"73":0,"74":0,"75":0,"76":0,"77":0,"78":0,"79":0,"80":0,"81":0,"82":0,"83":0,"84":0,"85":0,"86":0,"87":0,"88":0,"89":0,"90":0,"91":0,"92":0,"93":0,"94":0,"95":0,"96":0,"97":0,"98":0,"99":0,"100":0,"101":0,"102":0,"103":0,"104":0,"105":0,"106":0,"107":0,"108":0,"109":0,"110":0,"111":0,"112":0,"113":0,"114":0,"115":0,"116":0,"117":0,"118":0,"119":0,"120":0,"121":0,"122":0,"123":0,"124":0,"125":0,"126":0,"127":0,"128":0,"129":0,"130":1,"131":1,"132":1,"133":1,"134":1,"135":1,"136":1,"137":1,"138":1,"139":0,"140":0,"141":1,"142":1,"143":0,"144":0,"145":0},"b":{"1":[52,0],"2":[0,0],"3":[0,0],"4":[0,0],"5":[0,0],"6":[0,0],"7":[0,0],"8":[0,0],"9":[0,0],"10":[2,0],"11":[2,2],"12":[2,0],"13":[2,0],"14":[1,0],"15":[1,0],"16":[1,0],"17":[0,0],"18":[0,0],"19":[0,0],"20":[0,0],"21":[0,0],"22":[0,0],"23":[0,2],"24":[0,0],"25":[0,0],"26":[0,0],"27":[0,0],"28":[0,0],"29":[0,0],"30":[0,0],"31":[0,0],"32":[0,0],"33":[0,0],"34":[0,0],"35":[0,0],"36":[0,0],"37":[0,0],"38":[0,0],"39":[0,0],"40":[0,0],"41":[0,0],"42":[0,0],"43":[0,0],"44":[0,0],"45":[0,0],"46":[0,0],"47":[0,0],"48":[0,0],"49":[0,1],"50":[1,0],"51":[1,0],"52":[1,1],"53":[0,0]},"f":{"1":1,"2":4,"3":0,"4":0,"5":0,"6":0,"7":0,"8":0,"9":0,"10":0,"11":0,"12":2,"13":0,"14":1,"15":0,"16":0,"17":2,"18":0,"19":0,"20":0,"21":0,"22":0,"23":0,"24":0,"25":0,"26":0,"27":0,"28":0,"29":0,"30":0,"31":0,"32":0,"33":0,"34":0,"35":0,"36":0,"37":0,"38":0,"39":0,"40":0,"41":0,"42":1,"43":1,"44":0},"fnMap":{"1":{"name":"(anonymous_1)","line":3,"loc":{"start":{"line":3,"column":2},"end":{"line":3,"column":27}}},"2":{"name":"(anonymous_2)","line":10,"loc":{"start":{"line":10,"column":17},"end":{"line":10,"column":34}}},"3":{"name":"(anonymous_3)","line":18,"loc":{"start":{"line":18,"column":19},"end":{"line":18,"column":31}}},"4":{"name":"(anonymous_4)","line":21,"loc":{"start":{"line":21,"column":15},"end":{"line":21,"column":27}}},"5":{"name":"(anonymous_5)","line":27,"loc":{"start":{"line":27,"column":12},"end":{"line":27,"column":31}}},"6":{"name":"(anonymous_6)","line":33,"loc":{"start":{"line":33,"column":13},"end":{"line":33,"column":32}}},"7":{"name":"(anonymous_7)","line":34,"loc":{"start":{"line":34,"column":13},"end":{"line":34,"column":40}}},"8":{"name":"(anonymous_8)","line":35,"loc":{"start":{"line":35,"column":16},"end":{"line":35,"column":35}}},"9":{"name":"(anonymous_9)","line":36,"loc":{"start":{"line":36,"column":13},"end":{"line":36,"column":30}}},"10":{"name":"(anonymous_10)","line":37,"loc":{"start":{"line":37,"column":16},"end":{"line":37,"column":30}}},"11":{"name":"(anonymous_11)","line":38,"loc":{"start":{"line":38,"column":15},"end":{"line":38,"column":29}}},"12":{"name":"(anonymous_12)","line":41,"loc":{"start":{"line":41,"column":15},"end":{"line":41,"column":45}}},"13":{"name":"(anonymous_13)","line":42,"loc":{"start":{"line":42,"column":46},"end":{"line":42,"column":77}}},"14":{"name":"(anonymous_14)","line":71,"loc":{"start":{"line":71,"column":18},"end":{"line":71,"column":37}}},"15":{"name":"(anonymous_15)","line":79,"loc":{"start":{"line":79,"column":23},"end":{"line":79,"column":54}}},"16":{"name":"(anonymous_16)","line":91,"loc":{"start":{"line":91,"column":20},"end":{"line":91,"column":30}}},"17":{"name":"(anonymous_17)","line":92,"loc":{"start":{"line":92,"column":22},"end":{"line":92,"column":33}}},"18":{"name":"(anonymous_18)","line":97,"loc":{"start":{"line":97,"column":17},"end":{"line":97,"column":31}}},"19":{"name":"(anonymous_19)","line":103,"loc":{"start":{"line":103,"column":18},"end":{"line":103,"column":28}}},"20":{"name":"(anonymous_20)","line":104,"loc":{"start":{"line":104,"column":18},"end":{"line":104,"column":36}}},"21":{"name":"(anonymous_21)","line":116,"loc":{"start":{"line":116,"column":18},"end":{"line":116,"column":29}}},"22":{"name":"(anonymous_22)","line":117,"loc":{"start":{"line":117,"column":33},"end":{"line":117,"column":50}}},"23":{"name":"(anonymous_23)","line":119,"loc":{"start":{"line":119,"column":17},"end":{"line":119,"column":36}}},"24":{"name":"(anonymous_24)","line":123,"loc":{"start":{"line":123,"column":20},"end":{"line":123,"column":31}}},"25":{"name":"(anonymous_25)","line":124,"loc":{"start":{"line":124,"column":33},"end":{"line":124,"column":49}}},"26":{"name":"(anonymous_26)","line":126,"loc":{"start":{"line":126,"column":22},"end":{"line":126,"column":45}}},"27":{"name":"(anonymous_27)","line":132,"loc":{"start":{"line":132,"column":17},"end":{"line":132,"column":48}}},"28":{"name":"(anonymous_28)","line":139,"loc":{"start":{"line":139,"column":20},"end":{"line":139,"column":46}}},"29":{"name":"(anonymous_29)","line":149,"loc":{"start":{"line":149,"column":20},"end":{"line":149,"column":34}}},"30":{"name":"(anonymous_30)","line":154,"loc":{"start":{"line":154,"column":19},"end":{"line":154,"column":30}}},"31":{"name":"(anonymous_31)","line":158,"loc":{"start":{"line":158,"column":30},"end":{"line":158,"column":41}}},"32":{"name":"(anonymous_32)","line":162,"loc":{"start":{"line":162,"column":22},"end":{"line":162,"column":33}}},"33":{"name":"(anonymous_33)","line":175,"loc":{"start":{"line":175,"column":17},"end":{"line":175,"column":29}}},"34":{"name":"(anonymous_34)","line":179,"loc":{"start":{"line":179,"column":18},"end":{"line":179,"column":30}}},"35":{"name":"(anonymous_35)","line":189,"loc":{"start":{"line":189,"column":17},"end":{"line":189,"column":28}}},"36":{"name":"(anonymous_36)","line":190,"loc":{"start":{"line":190,"column":17},"end":{"line":190,"column":29}}},"37":{"name":"(anonymous_37)","line":198,"loc":{"start":{"line":198,"column":21},"end":{"line":198,"column":36}}},"38":{"name":"(anonymous_38)","line":204,"loc":{"start":{"line":204,"column":24},"end":{"line":204,"column":36}}},"39":{"name":"(anonymous_39)","line":210,"loc":{"start":{"line":210,"column":21},"end":{"line":210,"column":32}}},"40":{"name":"(anonymous_40)","line":211,"loc":{"start":{"line":211,"column":19},"end":{"line":211,"column":29}}},"41":{"name":"(anonymous_41)","line":212,"loc":{"start":{"line":212,"column":22},"end":{"line":212,"column":32}}},"42":{"name":"(anonymous_42)","line":218,"loc":{"start":{"line":218,"column":26},"end":{"line":218,"column":36}}},"43":{"name":"(anonymous_43)","line":222,"loc":{"start":{"line":222,"column":27},"end":{"line":222,"column":37}}},"44":{"name":"(anonymous_44)","line":225,"loc":{"start":{"line":225,"column":29},"end":{"line":225,"column":41}}}},"statementMap":{"1":{"start":{"line":3,"column":1},"end":{"line":236,"column":22}},"2":{"start":{"line":4,"column":4},"end":{"line":214,"column":6}},"3":{"start":{"line":11,"column":12},"end":{"line":15,"column":13}},"4":{"start":{"line":12,"column":16},"end":{"line":14,"column":17}},"5":{"start":{"line":13,"column":20},"end":{"line":13,"column":34}},"6":{"start":{"line":16,"column":12},"end":{"line":16,"column":21}},"7":{"start":{"line":19,"column":12},"end":{"line":19,"column":89}},"8":{"start":{"line":23,"column":12},"end":{"line":23,"column":61}},"9":{"start":{"line":23,"column":17},"end":{"line":23,"column":38}},"10":{"start":{"line":23,"column":50},"end":{"line":23,"column":59}},"11":{"start":{"line":28,"column":12},"end":{"line":28,"column":34}},"12":{"start":{"line":29,"column":12},"end":{"line":31,"column":13}},"13":{"start":{"line":30,"column":16},"end":{"line":30,"column":39}},"14":{"start":{"line":33,"column":34},"end":{"line":33,"column":59}},"15":{"start":{"line":34,"column":42},"end":{"line":34,"column":68}},"16":{"start":{"line":35,"column":37},"end":{"line":35,"column":58}},"17":{"start":{"line":36,"column":32},"end":{"line":36,"column":51}},"18":{"start":{"line":37,"column":32},"end":{"line":37,"column":51}},"19":{"start":{"line":38,"column":31},"end":{"line":38,"column":44}},"20":{"start":{"line":42,"column":12},"end":{"line":49,"column":15}},"21":{"start":{"line":43,"column":16},"end":{"line":43,"column":69}},"22":{"start":{"line":43,"column":45},"end":{"line":43,"column":67}},"23":{"start":{"line":44,"column":16},"end":{"line":44,"column":95}},"24":{"start":{"line":44,"column":49},"end":{"line":44,"column":93}},"25":{"start":{"line":45,"column":16},"end":{"line":45,"column":82}},"26":{"start":{"line":45,"column":41},"end":{"line":45,"column":80}},"27":{"start":{"line":46,"column":16},"end":{"line":46,"column":97}},"28":{"start":{"line":46,"column":73},"end":{"line":46,"column":95}},"29":{"start":{"line":47,"column":16},"end":{"line":47,"column":50}},"30":{"start":{"line":47,"column":27},"end":{"line":47,"column":48}},"31":{"start":{"line":48,"column":16},"end":{"line":48,"column":47}},"32":{"start":{"line":50,"column":12},"end":{"line":50,"column":27}},"33":{"start":{"line":51,"column":12},"end":{"line":56,"column":26}},"34":{"start":{"line":52,"column":16},"end":{"line":52,"column":48}},"35":{"start":{"line":53,"column":16},"end":{"line":53,"column":47}},"36":{"start":{"line":54,"column":16},"end":{"line":54,"column":35}},"37":{"start":{"line":55,"column":16},"end":{"line":55,"column":41}},"38":{"start":{"line":57,"column":12},"end":{"line":59,"column":13}},"39":{"start":{"line":58,"column":16},"end":{"line":58,"column":83}},"40":{"start":{"line":60,"column":12},"end":{"line":60,"column":40}},"41":{"start":{"line":61,"column":12},"end":{"line":63,"column":13}},"42":{"start":{"line":62,"column":16},"end":{"line":62,"column":42}},"43":{"start":{"line":64,"column":12},"end":{"line":66,"column":13}},"44":{"start":{"line":65,"column":16},"end":{"line":65,"column":52}},"45":{"start":{"line":67,"column":12},"end":{"line":67,"column":25}},"46":{"start":{"line":72,"column":16},"end":{"line":72,"column":37}},"47":{"start":{"line":73,"column":16},"end":{"line":76,"column":17}},"48":{"start":{"line":74,"column":20},"end":{"line":74,"column":56}},"49":{"start":{"line":75,"column":20},"end":{"line":75,"column":55}},"50":{"start":{"line":75,"column":36},"end":{"line":75,"column":53}},"51":{"start":{"line":77,"column":16},"end":{"line":77,"column":29}},"52":{"start":{"line":80,"column":16},"end":{"line":82,"column":17}},"53":{"start":{"line":81,"column":20},"end":{"line":81,"column":83}},"54":{"start":{"line":83,"column":16},"end":{"line":83,"column":53}},"55":{"start":{"line":84,"column":16},"end":{"line":88,"column":17}},"56":{"start":{"line":85,"column":20},"end":{"line":85,"column":75}},"57":{"start":{"line":86,"column":20},"end":{"line":86,"column":55}},"58":{"start":{"line":86,"column":36},"end":{"line":86,"column":53}},"59":{"start":{"line":87,"column":20},"end":{"line":87,"column":78}},"60":{"start":{"line":87,"column":37},"end":{"line":87,"column":76}},"61":{"start":{"line":89,"column":16},"end":{"line":89,"column":29}},"62":{"start":{"line":91,"column":32},"end":{"line":91,"column":66}},"63":{"start":{"line":93,"column":16},"end":{"line":93,"column":83}},"64":{"start":{"line":98,"column":16},"end":{"line":100,"column":17}},"65":{"start":{"line":99,"column":20},"end":{"line":99,"column":57}},"66":{"start":{"line":101,"column":16},"end":{"line":101,"column":55}},"67":{"start":{"line":103,"column":30},"end":{"line":103,"column":56}},"68":{"start":{"line":105,"column":16},"end":{"line":113,"column":17}},"69":{"start":{"line":106,"column":20},"end":{"line":106,"column":62}},"70":{"start":{"line":107,"column":20},"end":{"line":111,"column":21}},"71":{"start":{"line":108,"column":24},"end":{"line":110,"column":25}},"72":{"start":{"line":109,"column":28},"end":{"line":109,"column":34}},"73":{"start":{"line":112,"column":20},"end":{"line":112,"column":63}},"74":{"start":{"line":112,"column":52},"end":{"line":112,"column":56}},"75":{"start":{"line":112,"column":57},"end":{"line":112,"column":61}},"76":{"start":{"line":114,"column":16},"end":{"line":114,"column":35}},"77":{"start":{"line":117,"column":16},"end":{"line":117,"column":73}},"78":{"start":{"line":117,"column":52},"end":{"line":117,"column":65}},"79":{"start":{"line":120,"column":16},"end":{"line":120,"column":57}},"80":{"start":{"line":121,"column":16},"end":{"line":121,"column":58}},"81":{"start":{"line":124,"column":16},"end":{"line":124,"column":80}},"82":{"start":{"line":124,"column":51},"end":{"line":124,"column":72}},"83":{"start":{"line":127,"column":16},"end":{"line":128,"column":34}},"84":{"start":{"line":129,"column":16},"end":{"line":129,"column":61}},"85":{"start":{"line":130,"column":16},"end":{"line":130,"column":28}},"86":{"start":{"line":133,"column":16},"end":{"line":133,"column":38}},"87":{"start":{"line":134,"column":16},"end":{"line":136,"column":17}},"88":{"start":{"line":135,"column":20},"end":{"line":135,"column":32}},"89":{"start":{"line":137,"column":16},"end":{"line":137,"column":91}},"90":{"start":{"line":140,"column":16},"end":{"line":140,"column":33}},"91":{"start":{"line":141,"column":16},"end":{"line":146,"column":17}},"92":{"start":{"line":142,"column":20},"end":{"line":142,"column":36}},"93":{"start":{"line":143,"column":20},"end":{"line":145,"column":21}},"94":{"start":{"line":144,"column":24},"end":{"line":144,"column":39}},"95":{"start":{"line":147,"column":16},"end":{"line":147,"column":31}},"96":{"start":{"line":150,"column":16},"end":{"line":150,"column":38}},"97":{"start":{"line":151,"column":16},"end":{"line":151,"column":52}},"98":{"start":{"line":152,"column":16},"end":{"line":152,"column":25}},"99":{"start":{"line":155,"column":16},"end":{"line":159,"column":17}},"100":{"start":{"line":156,"column":20},"end":{"line":156,"column":40}},"101":{"start":{"line":158,"column":20},"end":{"line":158,"column":84}},"102":{"start":{"line":158,"column":43},"end":{"line":158,"column":77}},"103":{"start":{"line":160,"column":16},"end":{"line":160,"column":28}},"104":{"start":{"line":163,"column":16},"end":{"line":163,"column":38}},"105":{"start":{"line":164,"column":16},"end":{"line":169,"column":17}},"106":{"start":{"line":165,"column":20},"end":{"line":168,"column":21}},"107":{"start":{"line":166,"column":24},"end":{"line":166,"column":49}},"108":{"start":{"line":167,"column":24},"end":{"line":167,"column":37}},"109":{"start":{"line":170,"column":16},"end":{"line":170,"column":34}},"110":{"start":{"line":171,"column":16},"end":{"line":171,"column":28}},"111":{"start":{"line":176,"column":16},"end":{"line":176,"column":65}},"112":{"start":{"line":176,"column":44},"end":{"line":176,"column":63}},"113":{"start":{"line":177,"column":16},"end":{"line":177,"column":51}},"114":{"start":{"line":180,"column":16},"end":{"line":184,"column":22}},"115":{"start":{"line":189,"column":30},"end":{"line":189,"column":66}},"116":{"start":{"line":191,"column":16},"end":{"line":191,"column":26}},"117":{"start":{"line":192,"column":16},"end":{"line":196,"column":17}},"118":{"start":{"line":193,"column":20},"end":{"line":195,"column":21}},"119":{"start":{"line":194,"column":24},"end":{"line":194,"column":33}},"120":{"start":{"line":199,"column":16},"end":{"line":201,"column":17}},"121":{"start":{"line":200,"column":20},"end":{"line":200,"column":34}},"122":{"start":{"line":202,"column":16},"end":{"line":202,"column":34}},"123":{"start":{"line":205,"column":16},"end":{"line":208,"column":17}},"124":{"start":{"line":206,"column":20},"end":{"line":206,"column":41}},"125":{"start":{"line":207,"column":20},"end":{"line":207,"column":34}},"126":{"start":{"line":210,"column":34},"end":{"line":210,"column":76}},"127":{"start":{"line":211,"column":31},"end":{"line":211,"column":78}},"128":{"start":{"line":211,"column":57},"end":{"line":211,"column":76}},"129":{"start":{"line":212,"column":34},"end":{"line":212,"column":86}},"130":{"start":{"line":216,"column":4},"end":{"line":218,"column":80}},"131":{"start":{"line":218,"column":37},"end":{"line":218,"column":74}},"132":{"start":{"line":218,"column":42},"end":{"line":218,"column":62}},"133":{"start":{"line":219,"column":4},"end":{"line":219,"column":24}},"134":{"start":{"line":220,"column":4},"end":{"line":220,"column":16}},"135":{"start":{"line":222,"column":4},"end":{"line":222,"column":83}},"136":{"start":{"line":222,"column":38},"end":{"line":222,"column":77}},"137":{"start":{"line":222,"column":43},"end":{"line":222,"column":65}},"138":{"start":{"line":224,"column":4},"end":{"line":234,"column":5}},"139":{"start":{"line":225,"column":8},"end":{"line":227,"column":11}},"140":{"start":{"line":226,"column":12},"end":{"line":226,"column":25}},"141":{"start":{"line":228,"column":11},"end":{"line":234,"column":5}},"142":{"start":{"line":229,"column":8},"end":{"line":229,"column":31}},"143":{"start":{"line":232,"column":8},"end":{"line":232,"column":55}},"144":{"start":{"line":232,"column":27},"end":{"line":232,"column":53}},"145":{"start":{"line":233,"column":8},"end":{"line":233,"column":29}}},"branchMap":{"1":{"line":12,"type":"if","locations":[{"start":{"line":12,"column":16},"end":{"line":12,"column":16}},{"start":{"line":12,"column":16},"end":{"line":12,"column":16}}]},"2":{"line":19,"type":"cond-expr","locations":[{"start":{"line":19,"column":64},"end":{"line":19,"column":68}},{"start":{"line":19,"column":71},"end":{"line":19,"column":88}}]},"3":{"line":19,"type":"binary-expr","locations":[{"start":{"line":19,"column":19},"end":{"line":19,"column":34}},{"start":{"line":19,"column":38},"end":{"line":19,"column":61}}]},"4":{"line":43,"type":"if","locations":[{"start":{"line":43,"column":16},"end":{"line":43,"column":16}},{"start":{"line":43,"column":16},"end":{"line":43,"column":16}}]},"5":{"line":44,"type":"if","locations":[{"start":{"line":44,"column":16},"end":{"line":44,"column":16}},{"start":{"line":44,"column":16},"end":{"line":44,"column":16}}]},"6":{"line":45,"type":"if","locations":[{"start":{"line":45,"column":16},"end":{"line":45,"column":16}},{"start":{"line":45,"column":16},"end":{"line":45,"column":16}}]},"7":{"line":46,"type":"if","locations":[{"start":{"line":46,"column":16},"end":{"line":46,"column":16}},{"start":{"line":46,"column":16},"end":{"line":46,"column":16}}]},"8":{"line":46,"type":"binary-expr","locations":[{"start":{"line":46,"column":20},"end":{"line":46,"column":43}},{"start":{"line":46,"column":47},"end":{"line":46,"column":70}}]},"9":{"line":47,"type":"if","locations":[{"start":{"line":47,"column":16},"end":{"line":47,"column":16}},{"start":{"line":47,"column":16},"end":{"line":47,"column":16}}]},"10":{"line":57,"type":"if","locations":[{"start":{"line":57,"column":12},"end":{"line":57,"column":12}},{"start":{"line":57,"column":12},"end":{"line":57,"column":12}}]},"11":{"line":60,"type":"binary-expr","locations":[{"start":{"line":60,"column":24},"end":{"line":60,"column":33}},{"start":{"line":60,"column":37},"end":{"line":60,"column":39}}]},"12":{"line":61,"type":"if","locations":[{"start":{"line":61,"column":12},"end":{"line":61,"column":12}},{"start":{"line":61,"column":12},"end":{"line":61,"column":12}}]},"13":{"line":64,"type":"if","locations":[{"start":{"line":64,"column":12},"end":{"line":64,"column":12}},{"start":{"line":64,"column":12},"end":{"line":64,"column":12}}]},"14":{"line":73,"type":"if","locations":[{"start":{"line":73,"column":16},"end":{"line":73,"column":16}},{"start":{"line":73,"column":16},"end":{"line":73,"column":16}}]},"15":{"line":73,"type":"binary-expr","locations":[{"start":{"line":73,"column":20},"end":{"line":73,"column":26}},{"start":{"line":73,"column":30},"end":{"line":73,"column":41}}]},"16":{"line":75,"type":"if","locations":[{"start":{"line":75,"column":20},"end":{"line":75,"column":20}},{"start":{"line":75,"column":20},"end":{"line":75,"column":20}}]},"17":{"line":80,"type":"if","locations":[{"start":{"line":80,"column":16},"end":{"line":80,"column":16}},{"start":{"line":80,"column":16},"end":{"line":80,"column":16}}]},"18":{"line":81,"type":"cond-expr","locations":[{"start":{"line":81,"column":38},"end":{"line":81,"column":77}},{"start":{"line":81,"column":80},"end":{"line":81,"column":82}}]},"19":{"line":84,"type":"if","locations":[{"start":{"line":84,"column":16},"end":{"line":84,"column":16}},{"start":{"line":84,"column":16},"end":{"line":84,"column":16}}]},"20":{"line":84,"type":"binary-expr","locations":[{"start":{"line":84,"column":20},"end":{"line":84,"column":26}},{"start":{"line":84,"column":30},"end":{"line":84,"column":46}}]},"21":{"line":86,"type":"if","locations":[{"start":{"line":86,"column":20},"end":{"line":86,"column":20}},{"start":{"line":86,"column":20},"end":{"line":86,"column":20}}]},"22":{"line":87,"type":"if","locations":[{"start":{"line":87,"column":20},"end":{"line":87,"column":20}},{"start":{"line":87,"column":20},"end":{"line":87,"column":20}}]},"23":{"line":93,"type":"cond-expr","locations":[{"start":{"line":93,"column":41},"end":{"line":93,"column":61}},{"start":{"line":93,"column":62},"end":{"line":93,"column":64}}]},"24":{"line":98,"type":"if","locations":[{"start":{"line":98,"column":16},"end":{"line":98,"column":16}},{"start":{"line":98,"column":16},"end":{"line":98,"column":16}}]},"25":{"line":107,"type":"if","locations":[{"start":{"line":107,"column":20},"end":{"line":107,"column":20}},{"start":{"line":107,"column":20},"end":{"line":107,"column":20}}]},"26":{"line":108,"type":"if","locations":[{"start":{"line":108,"column":24},"end":{"line":108,"column":24}},{"start":{"line":108,"column":24},"end":{"line":108,"column":24}}]},"27":{"line":108,"type":"binary-expr","locations":[{"start":{"line":108,"column":47},"end":{"line":108,"column":50}},{"start":{"line":108,"column":54},"end":{"line":108,"column":67}}]},"28":{"line":112,"type":"if","locations":[{"start":{"line":112,"column":20},"end":{"line":112,"column":20}},{"start":{"line":112,"column":20},"end":{"line":112,"column":20}}]},"29":{"line":114,"type":"binary-expr","locations":[{"start":{"line":114,"column":23},"end":{"line":114,"column":26}},{"start":{"line":114,"column":30},"end":{"line":114,"column":34}}]},"30":{"line":121,"type":"cond-expr","locations":[{"start":{"line":121,"column":36},"end":{"line":121,"column":46}},{"start":{"line":121,"column":49},"end":{"line":121,"column":57}}]},"31":{"line":121,"type":"binary-expr","locations":[{"start":{"line":121,"column":49},"end":{"line":121,"column":52}},{"start":{"line":121,"column":56},"end":{"line":121,"column":57}}]},"32":{"line":129,"type":"cond-expr","locations":[{"start":{"line":129,"column":50},"end":{"line":129,"column":53}},{"start":{"line":129,"column":56},"end":{"line":129,"column":59}}]},"33":{"line":134,"type":"if","locations":[{"start":{"line":134,"column":16},"end":{"line":134,"column":16}},{"start":{"line":134,"column":16},"end":{"line":134,"column":16}}]},"34":{"line":134,"type":"binary-expr","locations":[{"start":{"line":134,"column":20},"end":{"line":134,"column":29}},{"start":{"line":134,"column":33},"end":{"line":134,"column":52}}]},"35":{"line":137,"type":"binary-expr","locations":[{"start":{"line":137,"column":23},"end":{"line":137,"column":85}},{"start":{"line":137,"column":89},"end":{"line":137,"column":90}}]},"36":{"line":143,"type":"if","locations":[{"start":{"line":143,"column":20},"end":{"line":143,"column":20}},{"start":{"line":143,"column":20},"end":{"line":143,"column":20}}]},"37":{"line":155,"type":"if","locations":[{"start":{"line":155,"column":16},"end":{"line":155,"column":16}},{"start":{"line":155,"column":16},"end":{"line":155,"column":16}}]},"38":{"line":165,"type":"if","locations":[{"start":{"line":165,"column":20},"end":{"line":165,"column":20}},{"start":{"line":165,"column":20},"end":{"line":165,"column":20}}]},"39":{"line":176,"type":"if","locations":[{"start":{"line":176,"column":16},"end":{"line":176,"column":16}},{"start":{"line":176,"column":16},"end":{"line":176,"column":16}}]},"40":{"line":177,"type":"cond-expr","locations":[{"start":{"line":177,"column":34},"end":{"line":177,"column":46}},{"start":{"line":177,"column":49},"end":{"line":177,"column":50}}]},"41":{"line":180,"type":"cond-expr","locations":[{"start":{"line":181,"column":20},"end":{"line":183,"column":33}},{"start":{"line":184,"column":20},"end":{"line":184,"column":21}}]},"42":{"line":181,"type":"cond-expr","locations":[{"start":{"line":182,"column":24},"end":{"line":182,"column":52}},{"start":{"line":183,"column":24},"end":{"line":183,"column":33}}]},"43":{"line":181,"type":"binary-expr","locations":[{"start":{"line":181,"column":20},"end":{"line":181,"column":21}},{"start":{"line":181,"column":25},"end":{"line":181,"column":50}}]},"44":{"line":193,"type":"if","locations":[{"start":{"line":193,"column":20},"end":{"line":193,"column":20}},{"start":{"line":193,"column":20},"end":{"line":193,"column":20}}]},"45":{"line":193,"type":"binary-expr","locations":[{"start":{"line":193,"column":24},"end":{"line":193,"column":35}},{"start":{"line":193,"column":39},"end":{"line":193,"column":48}}]},"46":{"line":199,"type":"if","locations":[{"start":{"line":199,"column":16},"end":{"line":199,"column":16}},{"start":{"line":199,"column":16},"end":{"line":199,"column":16}}]},"47":{"line":205,"type":"if","locations":[{"start":{"line":205,"column":16},"end":{"line":205,"column":16}},{"start":{"line":205,"column":16},"end":{"line":205,"column":16}}]},"48":{"line":210,"type":"cond-expr","locations":[{"start":{"line":210,"column":55},"end":{"line":210,"column":68}},{"start":{"line":210,"column":71},"end":{"line":210,"column":75}}]},"49":{"line":224,"type":"if","locations":[{"start":{"line":224,"column":4},"end":{"line":224,"column":4}},{"start":{"line":224,"column":4},"end":{"line":224,"column":4}}]},"50":{"line":224,"type":"binary-expr","locations":[{"start":{"line":224,"column":8},"end":{"line":224,"column":36}},{"start":{"line":224,"column":40},"end":{"line":224,"column":64}}]},"51":{"line":228,"type":"if","locations":[{"start":{"line":228,"column":11},"end":{"line":228,"column":11}},{"start":{"line":228,"column":11},"end":{"line":228,"column":11}}]},"52":{"line":228,"type":"binary-expr","locations":[{"start":{"line":228,"column":15},"end":{"line":228,"column":44}},{"start":{"line":228,"column":48},"end":{"line":228,"column":62}}]},"53":{"line":232,"type":"if","locations":[{"start":{"line":232,"column":8},"end":{"line":232,"column":8}},{"start":{"line":232,"column":8},"end":{"line":232,"column":8}}]}},"code":["/*! store2 - v2.5.1 - 2017-03-28","* Copyright (c) 2017 Nathan Bubna; Licensed ,  */",";(function(window, define) {","    var _ = {","        version: \"2.5.1\",","        areas: {},","        apis: {},","","        // utilities","        inherit: function(api, o) {","            for (var p in api) {","                if (!o.hasOwnProperty(p)) {","                    o[p] = api[p];","                }","            }","            return o;","        },","        stringify: function(d) {","            return d === undefined || typeof d === \"function\" ? d+'' : JSON.stringify(d);","        },","        parse: function(s) {","            // if it doesn't parse, return as is","            try{ return JSON.parse(s); }catch(e){ return s; }","        },","","        // extension hooks","        fn: function(name, fn) {","            _.storeAPI[name] = fn;","            for (var api in _.apis) {","                _.apis[api][name] = fn;","            }","        },","        get: function(area, key){ return area.getItem(key); },","        set: function(area, key, string){ area.setItem(key, string); },","        remove: function(area, key){ area.removeItem(key); },","        key: function(area, i){ return area.key(i); },","        length: function(area){ return area.length; },","        clear: function(area){ area.clear(); },","","        // core functions","        Store: function(id, area, namespace) {","            var store = _.inherit(_.storeAPI, function(key, data, overwrite) {","                if (arguments.length === 0){ return store.getAll(); }","                if (typeof data === \"function\"){ return store.transact(key, data, overwrite); }// fn=data, alt=overwrite","                if (data !== undefined){ return store.set(key, data, overwrite); }","                if (typeof key === \"string\" || typeof key === \"number\"){ return store.get(key); }","                if (!key){ return store.clear(); }","                return store.setAll(key, data);// overwrite=data, data=key","            });","            store._id = id;","            try {","                var testKey = '_safariPrivate_';","                area.setItem(testKey, 'sucks');","                store._area = area;","                area.removeItem(testKey);","            } catch (e) {}","            if (!store._area) {","                store._area = _.inherit(_.storageAPI, { items: {}, name: 'fake' });","            }","            store._ns = namespace || '';","            if (!_.areas[id]) {","                _.areas[id] = store._area;","            }","            if (!_.apis[store._ns+store._id]) {","                _.apis[store._ns+store._id] = store;","            }","            return store;","        },","        storeAPI: {","            // admin functions","            area: function(id, area) {","                var store = this[id];","                if (!store || !store.area) {","                    store = _.Store(id, area, this._ns);//new area-specific api in this namespace","                    if (!this[id]){ this[id] = store; }","                }","                return store;","            },","            namespace: function(namespace, noSession) {","                if (!namespace){","                    return this._ns ? this._ns.substring(0,this._ns.length-1) : '';","      
[...]
[{"start":{"line":64,"column":12},"end":{"line":64,"column":12}},{"start":{"line":64,"column":12},"end":{"line":64,"column":12}}]},"10":{"line":72,"type":"cond-expr","locations":[{"start":{"line":72,"column":41},"end":{"line":72,"column":53}},{"start":{"line":72,"column":56},"end":{"line":72,"column":60}}]},"11":{"line":73,"type":"binary-expr","locations":[{"start":{"line":73,"column":15},"end":{"line":73,"column":18}},{"start":{"line":73,"column":22},"end":{"line":73,"column":26}}]},"12":{"line":74,"type":"binary-expr","locations":[{"start":{"line":74,"column":16},"end":{"line":74,"column":19}},{"start":{"line":74,"column":23},"end":{"line":74,"column":28}}]},"13":{"line":75,"type":"binary-expr","locations":[{"start":{"line":75,"column":17},"end":{"line":75,"column":20}},{"start":{"line":75,"column":24},"end":{"line":75,"column":30}}]}},"code":["/**"," * Copyright (c) 2013 ESHA Research"," * Dual licensed under the MIT and GPL licenses:"," *   http://www.opensource.org/licenses/mit-license.php"," *   http://www.gnu.org/licenses/gpl.html"," *"," * Makes it easy to watch for storage events by enhancing the events and"," * allowing binding to particular keys and/or namespaces."," *"," * // listen to particular key storage events (yes, this is namespace sensitive)"," * store.on('foo', function listenToFoo(e){ console.log('foo was changed:', e); });"," * store.off('foo', listenToFoo);"," *"," * // listen to all storage events (also namespace sensitive)"," * store.on(function storageEvent(e){ console.log('web storage:', e); });"," * store.off(storageEvent);"," * "," * Status: BETA - useful, if you aren't using IE8 or worse"," */",";(function(window, _) {","","    _.on = function(key, fn) {","        if (!fn) { fn = key; key = ''; }// no key === all keys","        var listener = function(e) {","            var k = this._out(e.key);// undefined if key is not in the namespace","            if ((k && (!key || k === key)) && // match key if listener has one","                (!e.storageArea || e.storageArea === this._area)) {// match area, if available","                return fn.call(this, _.event.call(this, k, e));","            }","        };","        window.addEventListener(\"storage\", fn[key+'-listener']=listener, false);","        return this;","    };","","    _.off = function(key, fn) {","        if (!fn) { fn = key; key = ''; }// no key === all keys","        window.removeEventListener(\"storage\", fn[key+'-listener']);","        return this;","    };","","    _.once = function(key, fn) {","        if (!fn) { fn = key; key = ''; }","        var s = this, listener;","        return s.on(key, listener = function() {","            s.off(key, listener);","            return fn.apply(this, arguments);","        });","    };","","    _.event = function(k, e) {","        var event = {","            key: k,","            namespace: this.namespace(),","            newValue: _.parse(e.newValue),","            oldValue: _.parse(e.oldValue),","            url: e.url || e.uri,","            storageArea: e.storageArea,","            source: e.source,","            timeStamp: e.timeStamp,","            originalEvent: e","        };","        if (_.cache) {","            var min = _.expires(e.newValue || e.oldValue);","            if (min) {","                event.expires = _.when(min);","            }","        }","        return event;","    };","","    // store2 policy is to not throw errors on old browsers","    var old = !window.addEventListener ? function(){} : null;","    _.fn('on', old || _.on);","    _.fn('off', old || _.off);","    _.fn('once', old || _.once);","","})(window, window.store._);",""],"l":{"20":2,"22":0,"23":0,"24":0,"25":0,"26":0,"28":0,"31":0,"32":0,"35":0,"36":0,"37":0,"38":0,"41":0,"42":0,"43":0,"44":0,"45":0,"46":0,"50":0,"51":0,"62":0,"63":0,"64":0,"65":0,"68":0,"72":0,"73":0,"74":0,"75":0}},"/home/travis/build/npmtest/node-npmtest-store2/node_modules/store2/src/store.onlyreal.js":{"path":"/home/travis/build/npmtest/node-npmtest-store2/node_modules/store2/src/store.onlyreal.js","s":{"1":2,"2":0,"3":0,"4":0},"b":{"1":[0,0]},"f":{"1":0,"2":0},"fnMap":{"1":{"name":"(anonymous_1)","line":11,"loc":{"start":{"line":11,"column":2},"end":{"line":11,"column":14}}},"2":{"name":"(anonymous_2)","line":14,"loc":{"start":{"line":14,"column":12},"end":{"line":14,"column":27}}}},"statementMap":{"1":{"start":{"line":11,"column":1},"end":{"line":18,"column":19}},"2":{"start":{"line":13,"column":4},"end":{"line":13,"column":21}},"3":{"start":{"line":14,"column":4},"end":{"line":16,"column":6}},"4":{"start":{"line":15,"column":8},"end":{"line":15,"column":78}}},"branchMap":{"1":{"line":15,"type":"cond-expr","locations":[{"start":{"line":15,"column":38},"end":{"line":15,"column":47}},{"start":{"line":15,"column":50},"end":{"line":15,"column":77}}]}},"code":["/**"," * Copyright (c) 2015 ESHA Research"," * Dual licensed under the MIT and GPL licenses:"," *   http://www.opensource.org/licenses/mit-license.php"," *   http://www.gnu.org/licenses/gpl.html"," *"," * Store nothing when storage is not supported."," *"," * Status: ALPHA - due to being of doubtful propriety"," */",";(function(_) {","","    var _set = _.set;","    _.set = function(area) {","        return area.name === 'fake' ? undefined : _set.apply(this, arguments);","    };","","})(window.store._);",""],"l":{"11":2,"13":0,"14":0,"15":0}},"/home/travis/build/npmtest/node-npmtest-store2/node_modules/store2/src/store.overflow.js":{"path":"/home/travis/build/npmtest/node-npmtest-store2/node_modules/store2/src/store.overflow.js","s":{"1":2,"2":0,"3":0,"4":0,"5":0,"6":0,"7":0,"8":0,"9":0,"10":0,"11":0,"12":0,"13":0,"14":0,"15":0,"16":0,"17":0,"18":0,"19":0,"20":0,"21":0,"22":0,"23":0,"24":0,"25":0,"26":0,"27":0,"28":0,"29":0,"30":0,"31":0,"32":0,"33":0,"34":0,"35":0,"36":0,"37":0,"38":0,"39":0,"40":0,"41":0,"42":0},"b":{"1":[0,0],"2":[0,0],"3":[0,0],"4":[0,0],"5":[0,0],"6":[0,0],"7":[0,0],"8":[0,0,0,0],"9":[0,0,0],"10":[0,0],"11":[0,0],"12":[0,0],"13":[0,0],"14":[0,0]},"f":{"1":0,"2":0,"3":0,"4":0,"5":0,"6":0,"7":0,"8":0},"fnMap":{"1":{"name":"(anonymous_1)","line":18,"loc":{"start":{"line":18,"column":2},"end":{"line":18,"column":21}}},"2":{"name":"(anonymous_2)","line":26,"loc":{"start":{"line":26,"column":17},"end":{"line":26,"column":40}}},"3":{"name":"(anonymous_3)","line":40,"loc":{"start":{"line":40,"column":12},"end":{"line":40,"column":40}}},"4":{"name":"(anonymous_4)","line":54,"loc":{"start":{"line":54,"column":12},"end":{"line":54,"column":32}}},"5":{"name":"(anonymous_5)","line":59,"loc":{"start":{"line":59,"column":15},"end":{"line":59,"column":35}}},"6":{"name":"(anonymous_6)","line":64,"loc":{"start":{"line":64,"column":12},"end":{"line":64,"column":30}}},"7":{"name":"(anonymous_7)","line":79,"loc":{"start":{"line":79,"column":15},"end":{"line":79,"column":30}}},"8":{"name":"(anonymous_8)","line":84,"loc":{"start":{"line":84,"column":14},"end":{"line":84,"column":29}}}},"statementMap":{"1":{"start":{"line":18,"column":1},"end":{"line":89,"column":33}},"2":{"start":{"line":19,"column":4},"end":{"line":24,"column":25}},"3":{"start":{"line":26,"column":4},"end":{"line":39,"column":6}},"4":{"start":{"line":27,"column":8},"end":{"line":28,"column":66}},"5":{"start":{"line":29,"column":8},"end":{"line":38,"column":9}},"6":{"start":{"line":30,"column":12},"end":{"line":30,"column":41}},"7":{"start":{"line":31,"column":12},"end":{"line":36,"column":13}},"8":{"start":{"line":32,"column":16},"end":{"line":32,"column":50}},"9":{"start":{"line":33,"column":19},"end":{"line":36,"column":13}},"10":{"start":{"line":34,"column":16},"end":{"line":34,"column":37}},"11":{"start":{"line":35,"column":16},"end":{"line":35,"column":35}},"12":{"start":{"line":37,"column":12},"end":{"line":37,"column":28}},"13":{"start":{"line":40,"column":4},"end":{"line":53,"column":6}},"14":{"start":{"line":41,"column":8},"end":{"line":52,"column":9}},"15":{"start":{"line":42,"column":12},"end":{"line":42,"column":40}},"16":{"start":{"line":44,"column":12},"end":{"line":50,"column":13}},"17":{"start":{"line":49,"column":16},"end":{"line":49,"column":66}},"18":{"start":{"line":51,"column":12},"end":{"line":51,"column":20}},"19":{"start":{"line":54,"column":4},"end":{"line":58,"column":6}},"20":{"start":{"line":55,"column":8},"end":{"line":55,"column":40}},"21":{"start":{"line":56,"column":8},"end":{"line":57,"column":40}},"22":{"start":{"line":59,"column":4},"end":{"line":63,"column":6}},"23":{"start":{"line":60,"column":8},"end":{"line":60,"column":40}},"24":{"start":{"line":61,"column":8},"end":{"line":61,"column":59}},"25":{"start":{"line":61,"column":23},"end":{"line":61,"column":57}},"26":{"start":{"line":62,"column":8},"end":{"line":62,"column":39}},"27":{"start":{"line":64,"column":4},"end":{"line":78,"column":6}},"28":{"start":{"line":65,"column":8},"end":{"line":65,"column":40}},"29":{"start":{"line":66,"column":8},"end":{"line":76,"column":9}},"30":{"start":{"line":67,"column":12},"end":{"line":67,"column":45}},"31":{"start":{"line":68,"column":12},"end":{"line":75,"column":13}},"32":{"start":{"line":69,"column":16},"end":{"line":69,"column":26}},"33":{"start":{"line":70,"column":16},"end":{"line":74,"column":17}},"34":{"start":{"line":71,"column":20},"end":{"line":73,"column":21}},"35":{"start":{"line":72,"column":24},"end":{"line":72,"column":60}},"36":{"start":{"line":77,"column":8},"end":{"line":77,"column":43}},"37":{"start":{"line":79,"column":4},"end":{"line":83,"column":6}},"38":{"start":{"line":80,"column":8},"end":{"line":81,"column":40}},"39":{"start":{"line":82,"column":8},"end":{"line":82,"column":62}},"40":{"start":{"line":84,"column":4},"end":{"line":87,"column":6}},"41":{"start":{"line":85,"column":8},"end":{"line":85,"column":32}},"42":{"start":{"line":86,"column":8},"end":{"line":86,"column":38}}},"branchMap":{"1":{"line":27,"type":"cond-expr","locations":[{"start":{"line":27,"column":44},"end":{"line":27,"column":53}},{"start":{"line":28,"column":19},"end":{"line":28,"column":65}}]},"2":{"line":28,"type":"cond-expr","locations":[{"start":{"line":28,"column":46},"end":{"line":28,"column":57}},{"start":{"line":28,"column":60},"end":{"line":28,"column":65}}]},"3":{"line":29,"type":"if","locations":[{"start":{"line":29,"column":8},"end":{"line":29,"column":8}},{"start":{"line":29,"column":8},"end":{"line":29,"column":8}}]},"4":{"line":31,"type":"if","locations":[{"start":{"line":31,"column":12},"end":{"line":31,"column":12}},{"start":{"line":31,"column":12},"end":{"line":31,"column":12}}]},"5":{"line":31,"type":"binary-expr","locations":[{"start":{"line":31,"column":16},"end":{"line":31,"column":22}},{"start":{"line":31,"column":26},"end":{"line":31,"column":35}}]},"6":{"line":33,"type":"if","locations":[{"start":{"line":33,"column":19},"end":{"line":33,"column":19}},{"start":{"line":33,"column":19},"end":{"line":33,"column":19}}]},"7":{"line":44,"type":"if","locations":[{"start":{"line":44,"column":12},"end":{"line":44,"column":12}},{"start":{"line":44,"column":12},"end":{"line":44,"column":12}}]},"8":{"line":44,"type":"binary-expr","locations":[{"start":{"line":44,"column":16},"end":{"line":44,"column":47}},{"start":{"line":45,"column":16},"end":{"line":45,"column":55}},{"start":{"line":46,"column":16},"end":{"line":46,"column":65}},{"start":{"line":47,"column":16},"end":{"line":47,"column":65}}]},"9":{"line":56,"type":"binary-expr","locations":[{"start":{"line":56,"column":16},"end":{"line":56,"column":24}},{"start":{"line":56,"column":28},"end":{"line":56,"column":58}},{"start":{"line":57,"column":12},"end":{"line":57,"column":39}}]},"10":{"line":61,"type":"if","locations":[{"start":{"line":61,"column":8},"end":{"line":61,"column":8}},{"start":{"line":61,"column":8},"end":{"line":61,"column":8}}]},"11":{"line":66,"type":"if","locations":[{"start":{"line":66,"column":8},"end":{"line":66,"column":8}},{"start":{"line":66,"column":8},"end":{"line":66,"column":8}}]},"12":{"line":68,"type":"if","locations":[{"start":{"line":68,"column":12},"end":{"line":68,"column":12}},{"start":{"line":68,"column":12},"end":{"line":68,"column":12}}]},"13":{"line":71,"type":"if","locations":[{"start":{"line":71,"column":20},"end":{"line":71,"column":20}},{"start":{"line":71,"column":20},"end":{"line":71,"column":20}}]},"14":{"line":82,"type":"cond-expr","locations":[{"start":{"line":82,"column":26},"end":{"line":82,"column":52}},{"start":{"line":82,"column":55},"end":{"line":82,"column":61}}]}},"code":["/**"," * Copyright (c) 2013 ESHA Research"," * Dual licensed under the MIT and GPL licenses:"," *   http://www.opensource.org/licenses/mit-license.php"," *   http://www.gnu.org/licenses/gpl.html"," *"," * When quota is reached on a storage area, this shifts incoming values to "," * fake storage, so they last only as long as the page does. This is useful"," * because it is more burdensome for localStorage to recover from quota errors"," * than incomplete caches. In other words, it is wiser to rely on store.js"," * never complaining than never missing data. You should already be checking"," * the integrity of cached data on every page load. Also note that quota errors"," * are thrown by Safari for *every* setItem when user is in private browsing mode."," * http://spin.atomicobject.com/2013/01/23/ios-private-browsing-localstorage/"," *"," * Status: BETA"," */",";(function(store, _) {","    var _set = _.set,","        _get = _.get,","        _remove = _.remove,","        _key = _.key,","        _length = _.length,","        _clear = _.clear;","","    _.overflow = function(area, create) {","        var name = area === _.areas.local ? '+local+' :","                   area === _.areas.session ? '+session+' : false;","        if (name) {","            var overflow = _.areas[name];","            if (create && !overflow) {","                overflow = store.area(name)._area;// area() copies to _.areas","            } else if (create === false) {","                delete _.areas[name];","                delete store[name];","            }","            return overflow;","        }","    };","    _.set = function(area, key, string) {","        try {","            _set.apply(this, arguments);","        } catch (e) {","            if (e.name === 'QUOTA_EXCEEDED_ERR' ||","                e.name === 'NS_ERROR_DOM_QUOTA_REACHED' ||","                e.toString().indexOf(\"QUOTA_EXCEEDED_ERR\") !== -1 ||","                e.toString().indexOf(\"QuotaExceededError\") !== -1) {","                // the e.toString is needed for IE9 / IE10, cos name is empty there","                return _.set(_.overflow(area, true), key, string);","            }","            throw e;","        }","    };","    _.get = function(area, key) {","        var overflow = _.overflow(area);","        return (overflow && _get.call(this, overflow, key)) ||","            _get.apply(this, arguments);","    };","    _.remove = function(area, key) {","        var overflow = _.overflow(area);","        if (overflow){ _remove.call(this, overflow, key); }","        _remove.apply(this, arguments);","    };","    _.key = function(area, i) {","        var overflow = _.overflow(area);","        if (overflow) {","            var l = _length.call(this, area);","            if (i >= l) {","                i = i - l;// make i overflow-relative","                for (var j=0, m=_length.call(this, overflow); j<m; j++) {","                    if (j === i) {// j is overflow index","                        return _key.call(this, overflow, j);","                    }","                }","            }","        }","        return _key.apply(this, arguments);","    };","    _.length = function(area) {","        var length = _length(area),","            overflow = _.overflow(area);","        return overflow ? length + _length(overflow) : length;","    };","    _.clear = function(area) {","        _.overflow(area, false);","        _clear.apply(this, arguments);","    };","","})(window.store, window.store._);",""],"l":{"18":2,"19":0,"26":0,"27":0,"29":0,"30":0,"31":0,"32":0,"33":0,"34":0,"35":0,"37":0,"40":0,"41":0,"42":0,"44":0,"49":0,"51":0,"54":0,"55":0,"56":0,"59":0,"60":0,"61":0,"62":0,"64":0,"65":0,"66":0,"67":0,"68":0,"69":0,"70":0,"71":0,"72":0,"77":0,"79":0,"80":0,"82":0,"84":0,"85":0,"86":0}},"/home/travis/build/npmtest/node-npmtest-store2/node_modules/store2/src/store.quota.js":{"path":"/home/travis/build/npmtest/node-npmtest-store2/node_modules/store2/src/store.quota.js","s":{"1":2,"2":0,"3":0,"4":0,"5":0,"6":0,"7":0,"8":0,"9":0,"10":0,"11":0,"12":0,"13":0,"14":0},"b":{"1":[0,0],"2":[0,0],"3":[0,0]},"f":{"1":0,"2":0,"3":0},"fnMap":{"1":{"name":"(anonymous_1)","line":20,"loc":{"start":{"line":20,"column":2},"end":{"line":20,"column":21}}},"2":{"name":"(anonymous_2)","line":22,"loc":{"start":{"line":22,"column":18},"end":{"line":22,"column":31}}},"3":{"name":"(anonymous_3)","line":28,"loc":{"start":{"line":28,"column":12},"end":{"line":28,"column":37}}}},"statementMap":{"1":{"start":{"line":20,"column":1},"end":{"line":45,"column":33}},"2":{"start":{"line":22,"column":4},"end":{"line":24,"column":6}},"3":{"start":{"line":23,"column":8},"end":{"line":23,"column":33}},"4":{"start":{"line":25,"column":4},"end":{"line":25,"column":25}},"5":{"start":{"line":27,"column":4},"end":{"line":27,"column":21}},"6":{"start":{"line":28,"column":4},"end":{"line":43,"column":6}},"7":{"start":{"line":29,"column":8},"end":{"line":42,"column":9}},"8":{"start":{"line":30,"column":12},"end":{"line":30,"column":40}},"9":{"start":{"line":32,"column":12},"end":{"line":40,"column":13}},"10":{"start":{"line":34,"column":16},"end":{"line":34,"column":42}},"11":{"start":{"line":35,"column":16},"end":{"line":39,"column":17}},"12":{"start":{"line":36,"column":20},"end":{"line":38,"column":21}},"13":{"start":{"line":37,"column":24},"end":{"line":37,"column":31}},"14":{"start":{"line":41,"column":12},"end":{"line":41,"column":20}}},"branchMap":{"1":{"line":32,"type":"if","locations":[{"start":{"line":32,"column":12},"end":{"line":32,"column":12}},{"start":{"line":32,"column":12},"end":{"line":32,"column":12}}]},"2":{"line":32,"type":"binary-expr","locations":[{"start":{"line":32,"column":16},"end":{"line":32,"column":47}},{"start":{"line":33,"column":16},"end":{"line":33,"column":55}}]},"3":{"line":36,"type":"if","locations":[{"start":{"line":36,"column":20},"end":{"line":36,"column":20}},{"start":{"line":36,"column":20},"end":{"line":36,"column":20}}]}},"code":["/**"," * Copyright (c) 2013 ESHA Research"," * Dual licensed under the MIT and GPL licenses:"," *   http://www.opensource.org/licenses/mit-license.php"," *   http://www.gnu.org/licenses/gpl.html"," *"," * Bind handlers to quota errors:"," *   store.quota(function(e, area, key, str) {"," *      console.log(e, area, key, str);"," *   });"," * If a handler returns true other handlers are not called and"," * the error is suppressed."," *"," * Think quota errors will never happen to you? Think again:"," * http://spin.atomicobject.com/2013/01/23/ios-private-browsing-localstorage/"," * (this affects sessionStorage too)"," *"," * Status: ALPHA - API could use unbind feature"," */",";(function(store, _) {","","    store.quota = function(fn) {","        store.quota.fns.push(fn);","    };","    store.quota.fns = [];","","    var _set = _.set;","    _.set = function(area, key, str) {","        try {","            _set.apply(this, arguments);","        } catch (e) {","            if (e.name === 'QUOTA_EXCEEDED_ERR' ||","                e.name === 'NS_ERROR_DOM_QUOTA_REACHED') {","                var fns = store.quota.fns;","                for (var i=0,m=fns.length; i<m; i++) {","                    if (true === fns[i].call(this, e, area, key, str)) {","                        return;","                    }","                }","            }","            throw e;","        }","    };","","})(window.store, window.store._);"],"l":{"20":2,"22":0,"23":0,"25":0,"27":0,"28":0,"29":0,"30":0,"32":0,"34":0,"35":0,"36":0,"37":0,"41":0}}}